{"/home/travis/build/npmtest/node-npmtest-amqplib/test.js":{"path":"/home/travis/build/npmtest/node-npmtest-amqplib/test.js","s":{"1":2,"2":2,"3":2,"4":2,"5":2,"6":2,"7":2,"8":1,"9":2,"10":2,"11":1,"12":1,"13":1,"14":1,"15":2,"16":2,"17":2,"18":2,"19":1,"20":1,"21":2,"22":2,"23":2,"24":1,"25":1,"26":1,"27":1,"28":1,"29":1,"30":1,"31":1,"32":1,"33":1,"34":1,"35":1,"36":2,"37":2,"38":1,"39":2,"40":2,"41":1,"42":2,"43":2,"44":1,"45":1,"46":1,"47":1,"48":1},"b":{"1":[2,1,1,1],"2":[1,1,1,1],"3":[1,1],"4":[1,1],"5":[1,1],"6":[1,1],"7":[1,1],"8":[1,1],"9":[1,1,1],"10":[1,1],"11":[1,1],"12":[1,1],"13":[1,1],"14":[1,1],"15":[1,1]},"f":{"1":2,"2":2,"3":2,"4":2,"5":2,"6":1,"7":1,"8":2,"9":2,"10":2,"11":1},"fnMap":{"1":{"name":"(anonymous_1)","line":12,"loc":{"start":{"line":12,"column":1},"end":{"line":12,"column":13}}},"2":{"name":"(anonymous_2)","line":19,"loc":{"start":{"line":19,"column":5},"end":{"line":19,"column":17}}},"3":{"name":"(anonymous_3)","line":23,"loc":{"start":{"line":23,"column":24},"end":{"line":23,"column":36}}},"4":{"name":"(anonymous_4)","line":61,"loc":{"start":{"line":61,"column":5},"end":{"line":61,"column":17}}},"5":{"name":"(anonymous_5)","line":82,"loc":{"start":{"line":82,"column":5},"end":{"line":82,"column":17}}},"6":{"name":"(anonymous_6)","line":102,"loc":{"start":{"line":102,"column":83},"end":{"line":105,"column":10}},"skip":true},"7":{"name":"(anonymous_7)","line":113,"loc":{"start":{"line":113,"column":77},"end":{"line":116,"column":10}},"skip":true},"8":{"name":"(anonymous_8)","line":127,"loc":{"start":{"line":127,"column":77},"end":{"line":130,"column":10}},"skip":true},"9":{"name":"(anonymous_9)","line":138,"loc":{"start":{"line":138,"column":83},"end":{"line":141,"column":10}},"skip":true},"10":{"name":"(anonymous_10)","line":149,"loc":{"start":{"line":149,"column":79},"end":{"line":152,"column":10}},"skip":true},"11":{"name":"(anonymous_11)","line":160,"loc":{"start":{"line":160,"column":75},"end":{"line":163,"column":10}},"skip":true}},"statementMap":{"1":{"start":{"line":12,"column":0},"end":{"line":175,"column":5}},"2":{"start":{"line":14,"column":4},"end":{"line":14,"column":14}},"3":{"start":{"line":19,"column":4},"end":{"line":56,"column":9}},"4":{"start":{"line":21,"column":8},"end":{"line":21,"column":19}},"5":{"start":{"line":23,"column":8},"end":{"line":35,"column":13}},"6":{"start":{"line":24,"column":12},"end":{"line":34,"column":13}},"7":{"start":{"line":25,"column":16},"end":{"line":28,"column":30}},"8":{"start":{"line":30,"column":16},"end":{"line":33,"column":27}},"9":{"start":{"line":37,"column":8},"end":{"line":39,"column":21}},"10":{"start":{"line":40,"column":8},"end":{"line":53,"column":9}},"11":{"start":{"line":43,"column":12},"end":{"line":46,"column":14}},"12":{"start":{"line":47,"column":12},"end":{"line":47,"column":18}},"13":{"start":{"line":50,"column":12},"end":{"line":51,"column":46}},"14":{"start":{"line":52,"column":12},"end":{"line":52,"column":18}},"15":{"start":{"line":55,"column":8},"end":{"line":55,"column":35}},"16":{"start":{"line":61,"column":4},"end":{"line":63,"column":9}},"17":{"start":{"line":62,"column":8},"end":{"line":62,"column":15}},"18":{"start":{"line":64,"column":4},"end":{"line":77,"column":5}},"19":{"start":{"line":70,"column":8},"end":{"line":70,"column":14}},"20":{"start":{"line":76,"column":8},"end":{"line":76,"column":14}},"21":{"start":{"line":82,"column":4},"end":{"line":84,"column":9}},"22":{"start":{"line":83,"column":8},"end":{"line":83,"column":15}},"23":{"start":{"line":85,"column":4},"end":{"line":174,"column":5}},"24":{"start":{"line":92,"column":8},"end":{"line":94,"column":63}},"25":{"start":{"line":95,"column":8},"end":{"line":95,"column":14}},"26":{"start":{"line":102,"column":8},"end":{"line":111,"column":10},"skip":true},"27":{"start":{"line":109,"column":12},"end":{"line":109,"column":55},"skip":true},"28":{"start":{"line":110,"column":12},"end":{"line":110,"column":48},"skip":true},"29":{"start":{"line":113,"column":8},"end":{"line":125,"column":10},"skip":true},"30":{"start":{"line":120,"column":12},"end":{"line":120,"column":76},"skip":true},"31":{"start":{"line":121,"column":12},"end":{"line":121,"column":73},"skip":true},"32":{"start":{"line":122,"column":12},"end":{"line":122,"column":74},"skip":true},"33":{"start":{"line":123,"column":12},"end":{"line":123,"column":25},"skip":true},"34":{"start":{"line":124,"column":12},"end":{"line":124,"column":45},"skip":true},"35":{"start":{"line":127,"column":8},"end":{"line":136,"column":10},"skip":true},"36":{"start":{"line":134,"column":12},"end":{"line":134,"column":25},"skip":true},"37":{"start":{"line":135,"column":12},"end":{"line":135,"column":45},"skip":true},"38":{"start":{"line":138,"column":8},"end":{"line":147,"column":10},"skip":true},"39":{"start":{"line":145,"column":12},"end":{"line":145,"column":25},"skip":true},"40":{"start":{"line":146,"column":12},"end":{"line":146,"column":48},"skip":true},"41":{"start":{"line":149,"column":8},"end":{"line":158,"column":10},"skip":true},"42":{"start":{"line":156,"column":12},"end":{"line":156,"column":25},"skip":true},"43":{"start":{"line":157,"column":12},"end":{"line":157,"column":46},"skip":true},"44":{"start":{"line":160,"column":8},"end":{"line":169,"column":10},"skip":true},"45":{"start":{"line":167,"column":12},"end":{"line":167,"column":94},"skip":true},"46":{"start":{"line":168,"column":12},"end":{"line":168,"column":48},"skip":true},"47":{"start":{"line":172,"column":8},"end":{"line":172,"column":35},"skip":true},"48":{"start":{"line":173,"column":8},"end":{"line":173,"column":14},"skip":true}},"branchMap":{"1":{"line":25,"type":"binary-expr","locations":[{"start":{"line":25,"column":23},"end":{"line":25,"column":62}},{"start":{"line":26,"column":20},"end":{"line":26,"column":70}},{"start":{"line":27,"column":20},"end":{"line":27,"column":71}},{"start":{"line":28,"column":20},"end":{"line":28,"column":29}}]},"2":{"line":30,"type":"binary-expr","locations":[{"start":{"line":30,"column":23},"end":{"line":30,"column":37}},{"start":{"line":31,"column":20},"end":{"line":31,"column":61}},{"start":{"line":32,"column":20},"end":{"line":32,"column":70}},{"start":{"line":33,"column":20},"end":{"line":33,"column":26}}]},"3":{"line":37,"type":"cond-expr","locations":[{"start":{"line":38,"column":14},"end":{"line":38,"column":20}},{"start":{"line":39,"column":14},"end":{"line":39,"column":20}}]},"4":{"line":40,"type":"switch","locations":[{"start":{"line":42,"column":8},"end":{"line":47,"column":18}},{"start":{"line":49,"column":8},"end":{"line":52,"column":18}}]},"5":{"line":44,"type":"binary-expr","locations":[{"start":{"line":44,"column":16},"end":{"line":44,"column":44}},{"start":{"line":44,"column":48},"end":{"line":44,"column":66}}]},"6":{"line":50,"type":"binary-expr","locations":[{"start":{"line":50,"column":21},"end":{"line":50,"column":49}},{"start":{"line":50,"column":53},"end":{"line":50,"column":72}}]},"7":{"line":64,"type":"switch","locations":[{"start":{"line":69,"column":4},"end":{"line":70,"column":14}},{"start":{"line":75,"column":4},"end":{"line":76,"column":14}}]},"8":{"line":85,"type":"switch","locations":[{"start":{"line":90,"column":4},"end":{"line":95,"column":14}},{"start":{"line":101,"column":4},"end":{"line":173,"column":14},"skip":true}]},"9":{"line":92,"type":"binary-expr","locations":[{"start":{"line":92,"column":18},"end":{"line":92,"column":32}},{"start":{"line":93,"column":12},"end":{"line":93,"column":53}},{"start":{"line":94,"column":12},"end":{"line":94,"column":61}}]},"10":{"line":102,"type":"binary-expr","locations":[{"start":{"line":102,"column":45},"end":{"line":102,"column":79},"skip":true},{"start":{"line":102,"column":83},"end":{"line":111,"column":9},"skip":true}]},"11":{"line":113,"type":"binary-expr","locations":[{"start":{"line":113,"column":42},"end":{"line":113,"column":73},"skip":true},{"start":{"line":113,"column":77},"end":{"line":125,"column":9},"skip":true}]},"12":{"line":127,"type":"binary-expr","locations":[{"start":{"line":127,"column":42},"end":{"line":127,"column":73},"skip":true},{"start":{"line":127,"column":77},"end":{"line":136,"column":9},"skip":true}]},"13":{"line":138,"type":"binary-expr","locations":[{"start":{"line":138,"column":45},"end":{"line":138,"column":79},"skip":true},{"start":{"line":138,"column":83},"end":{"line":147,"column":9},"skip":true}]},"14":{"line":149,"type":"binary-expr","locations":[{"start":{"line":149,"column":43},"end":{"line":149,"column":75},"skip":true},{"start":{"line":149,"column":79},"end":{"line":158,"column":9},"skip":true}]},"15":{"line":160,"type":"binary-expr","locations":[{"start":{"line":160,"column":41},"end":{"line":160,"column":71},"skip":true},{"start":{"line":160,"column":75},"end":{"line":169,"column":9},"skip":true}]}},"code":["/* istanbul instrument in package npmtest_amqplib */","/*jslint","    bitwise: true,","    browser: true,","    maxerr: 8,","    maxlen: 96,","    node: true,","    nomen: true,","    regexp: true,","    stupid: true","*/","(function () {","    'use strict';","    var local;","","","","    // run shared js-env code - pre-init","    (function () {","        // init local","        local = {};","        // init modeJs","        local.modeJs = (function () {","            try {","                return typeof navigator.userAgent === 'string' &&","                    typeof document.querySelector('body') === 'object' &&","                    typeof XMLHttpRequest.prototype.open === 'function' &&","                    'browser';","            } catch (errorCaughtBrowser) {","                return module.exports &&","                    typeof process.versions.node === 'string' &&","                    typeof require('http').createServer === 'function' &&","                    'node';","            }","        }());","        // init global","        local.global = local.modeJs === 'browser'","            ? window","            : global;","        switch (local.modeJs) {","        // re-init local from window.local","        case 'browser':","            local = local.global.utility2.objectSetDefault(","                local.global.utility2_rollup || local.global.local,","                local.global.utility2","            );","            break;","        // re-init local from example.js","        case 'node':","            local = (local.global.utility2_rollup || require('utility2'))","                .requireExampleJsFromReadme();","            break;","        }","        // export local","        local.global.local = local;","    }());","","","","    // run shared js-env code - function","    (function () {","        return;","    }());","    switch (local.modeJs) {","","","","    // run browser js-env code - function","    case 'browser':","        break;","","","","    // run node js-env code - function","    case 'node':","        break;","    }","","","","    // run shared js-env code - post-init","    (function () {","        return;","    }());","    switch (local.modeJs) {","","","","    // run browser js-env code - post-init","    case 'browser':","        // run tests","        local.nop(local.modeTest &&","            document.querySelector('#testRunButton1') &&","            document.querySelector('#testRunButton1').click());","        break;","","","","    // run node js-env code - post-init","    /* istanbul ignore next */","    case 'node':","        local.testCase_buildApidoc_default = local.testCase_buildApidoc_default || function (","            options,","            onError","        ) {","        /*","         * this function will test buildApidoc's default handling-behavior-behavior","         */","            options = { modulePathList: module.paths };","            local.buildApidoc(options, onError);","        };","","        local.testCase_buildApp_default = local.testCase_buildApp_default || function (","            options,","            onError","        ) {","        /*","         * this function will test buildApp's default handling-behavior-behavior","         */","            local.testCase_buildReadme_default(options, local.onErrorThrow);","            local.testCase_buildLib_default(options, local.onErrorThrow);","            local.testCase_buildTest_default(options, local.onErrorThrow);","            options = [];","            local.buildApp(options, onError);","        };","","        local.testCase_buildLib_default = local.testCase_buildLib_default || function (","            options,","            onError","        ) {","        /*","         * this function will test buildLib's default handling-behavior","         */","            options = {};","            local.buildLib(options, onError);","        };","","        local.testCase_buildReadme_default = local.testCase_buildReadme_default || function (","            options,","            onError","        ) {","        /*","         * this function will test buildReadme's default handling-behavior-behavior","         */","            options = {};","            local.buildReadme(options, onError);","        };","","        local.testCase_buildTest_default = local.testCase_buildTest_default || function (","            options,","            onError","        ) {","        /*","         * this function will test buildTest's default handling-behavior","         */","            options = {};","            local.buildTest(options, onError);","        };","","        local.testCase_webpage_default = local.testCase_webpage_default || function (","            options,","            onError","        ) {","        /*","         * this function will test webpage's default handling-behavior","         */","            options = { modeCoverageMerge: true, url: local.serverLocalHost + '?modeTest=1' };","            local.browserTest(options, onError);","        };","","        // run test-server","        local.testRunServer(local);","        break;","    }","}());",""],"l":{"12":2,"14":2,"19":2,"21":2,"23":2,"24":2,"25":2,"30":1,"37":2,"40":2,"43":1,"47":1,"50":1,"52":1,"55":2,"61":2,"62":2,"64":2,"70":1,"76":1,"82":2,"83":2,"85":2,"92":1,"95":1,"102":1,"109":1,"110":1,"113":1,"120":1,"121":1,"122":1,"123":1,"124":1,"127":1,"134":2,"135":2,"138":1,"145":2,"146":2,"149":1,"156":2,"157":2,"160":1,"167":1,"168":1,"172":1,"173":1}},"/home/travis/build/npmtest/node-npmtest-amqplib/lib.npmtest_amqplib.js":{"path":"/home/travis/build/npmtest/node-npmtest-amqplib/lib.npmtest_amqplib.js","s":{"1":2,"2":2,"3":2,"4":2,"5":2,"6":2,"7":2,"8":1,"9":2,"10":2,"11":2,"12":2,"13":1,"14":1,"15":1,"16":1},"b":{"1":[2,1,1,1],"2":[1,1,1,1],"3":[1,1],"4":[2,2],"5":[1,1]},"f":{"1":2,"2":2,"3":2},"fnMap":{"1":{"name":"(anonymous_1)","line":12,"loc":{"start":{"line":12,"column":1},"end":{"line":12,"column":13}}},"2":{"name":"(anonymous_2)","line":19,"loc":{"start":{"line":19,"column":5},"end":{"line":19,"column":17}}},"3":{"name":"(anonymous_3)","line":23,"loc":{"start":{"line":23,"column":24},"end":{"line":23,"column":36}}}},"statementMap":{"1":{"start":{"line":12,"column":0},"end":{"line":53,"column":5}},"2":{"start":{"line":14,"column":4},"end":{"line":14,"column":14}},"3":{"start":{"line":19,"column":4},"end":{"line":52,"column":9}},"4":{"start":{"line":21,"column":8},"end":{"line":21,"column":19}},"5":{"start":{"line":23,"column":8},"end":{"line":35,"column":13}},"6":{"start":{"line":24,"column":12},"end":{"line":34,"column":13}},"7":{"start":{"line":25,"column":16},"end":{"line":28,"column":30}},"8":{"start":{"line":30,"column":16},"end":{"line":33,"column":27}},"9":{"start":{"line":37,"column":8},"end":{"line":39,"column":21}},"10":{"start":{"line":41,"column":8},"end":{"line":41,"column":54}},"11":{"start":{"line":43,"column":8},"end":{"line":43,"column":52}},"12":{"start":{"line":45,"column":8},"end":{"line":51,"column":9}},"13":{"start":{"line":46,"column":12},"end":{"line":46,"column":58}},"14":{"start":{"line":48,"column":12},"end":{"line":48,"column":35}},"15":{"start":{"line":49,"column":12},"end":{"line":49,"column":49}},"16":{"start":{"line":50,"column":12},"end":{"line":50,"column":43}}},"branchMap":{"1":{"line":25,"type":"binary-expr","locations":[{"start":{"line":25,"column":23},"end":{"line":25,"column":62}},{"start":{"line":26,"column":20},"end":{"line":26,"column":70}},{"start":{"line":27,"column":20},"end":{"line":27,"column":71}},{"start":{"line":28,"column":20},"end":{"line":28,"column":29}}]},"2":{"line":30,"type":"binary-expr","locations":[{"start":{"line":30,"column":23},"end":{"line":30,"column":37}},{"start":{"line":31,"column":20},"end":{"line":31,"column":61}},{"start":{"line":32,"column":20},"end":{"line":32,"column":70}},{"start":{"line":33,"column":20},"end":{"line":33,"column":26}}]},"3":{"line":37,"type":"cond-expr","locations":[{"start":{"line":38,"column":14},"end":{"line":38,"column":20}},{"start":{"line":39,"column":14},"end":{"line":39,"column":20}}]},"4":{"line":41,"type":"binary-expr","locations":[{"start":{"line":41,"column":16},"end":{"line":41,"column":44}},{"start":{"line":41,"column":48},"end":{"line":41,"column":53}}]},"5":{"line":45,"type":"if","locations":[{"start":{"line":45,"column":8},"end":{"line":45,"column":8}},{"start":{"line":45,"column":8},"end":{"line":45,"column":8}}]}},"code":["/* istanbul instrument in package npmtest_amqplib */","/*jslint","    bitwise: true,","    browser: true,","    maxerr: 8,","    maxlen: 96,","    node: true,","    nomen: true,","    regexp: true,","    stupid: true","*/","(function () {","    'use strict';","    var local;","","","","    // run shared js-env code - pre-init","    (function () {","        // init local","        local = {};","        // init modeJs","        local.modeJs = (function () {","            try {","                return typeof navigator.userAgent === 'string' &&","                    typeof document.querySelector('body') === 'object' &&","                    typeof XMLHttpRequest.prototype.open === 'function' &&","                    'browser';","            } catch (errorCaughtBrowser) {","                return module.exports &&","                    typeof process.versions.node === 'string' &&","                    typeof require('http').createServer === 'function' &&","                    'node';","            }","        }());","        // init global","        local.global = local.modeJs === 'browser'","            ? window","            : global;","        // init utility2_rollup","        local = local.global.utility2_rollup || local;","        // init lib","        local.local = local.npmtest_amqplib = local;","        // init exports","        if (local.modeJs === 'browser') {","            local.global.utility2_npmtest_amqplib = local;","        } else {","            module.exports = local;","            module.exports.__dirname = __dirname;","            module.exports.module = module;","        }","    }());","}());",""],"l":{"12":2,"14":2,"19":2,"21":2,"23":2,"24":2,"25":2,"30":1,"37":2,"41":2,"43":2,"45":2,"46":1,"48":1,"49":1,"50":1}},"/home/travis/build/npmtest/node-npmtest-amqplib/example.js":{"path":"/home/travis/build/npmtest/node-npmtest-amqplib/example.js","s":{"1":2,"2":2,"3":2,"4":2,"5":2,"6":2,"7":2,"8":1,"9":2,"10":2,"11":2,"12":2,"13":1,"14":2,"15":2,"16":2,"17":2,"18":2,"19":0,"20":2,"21":1,"22":1,"23":1,"24":1,"25":1,"26":0,"27":0,"28":1,"29":1,"30":2,"31":0,"32":0,"33":0,"34":1,"35":2,"36":2,"37":2,"38":2,"39":2,"40":2,"41":0,"42":2,"43":2,"44":2,"45":1,"46":3,"47":1,"48":1,"49":1,"50":1,"51":1,"52":1,"53":1,"54":1,"55":1,"56":1,"57":0,"58":1,"59":6,"60":6,"61":1,"62":2,"63":0,"64":2,"65":1,"66":1,"67":0,"68":0,"69":0,"70":0,"71":0,"72":0,"73":0,"74":0,"75":0,"76":0,"77":0,"78":0,"79":0,"80":0,"81":0,"82":0,"83":0},"b":{"1":[2,1,1,1],"2":[1,1,1,1],"3":[1,1],"4":[2,2],"5":[1,1],"6":[1,1],"7":[2,0],"8":[2,1,1,1,1,1],"9":[0,2,0],"10":[1,1],"11":[2,1,1],"12":[1,0],"13":[0,2],"14":[2,0,0,0,0,0,0],"15":[0,2],"16":[2,0],"17":[1,1],"18":[0,1],"19":[1,2,0,2],"20":[1,0],"21":[1,1],"22":[0,0],"23":[0,0],"24":[0,0],"25":[0,0],"26":[0,0],"27":[0,0],"28":[0,0]},"f":{"1":2,"2":2,"3":2,"4":2,"5":2,"6":2,"7":2,"8":2,"9":3,"10":1,"11":6,"12":0},"fnMap":{"1":{"name":"(anonymous_1)","line":26,"loc":{"start":{"line":26,"column":1},"end":{"line":26,"column":13}}},"2":{"name":"(anonymous_2)","line":33,"loc":{"start":{"line":33,"column":5},"end":{"line":33,"column":17}}},"3":{"name":"(anonymous_3)","line":37,"loc":{"start":{"line":37,"column":24},"end":{"line":37,"column":36}}},"4":{"name":"(anonymous_4)","line":69,"loc":{"start":{"line":69,"column":31},"end":{"line":69,"column":48}},"skip":true},"5":{"name":"(anonymous_5)","line":78,"loc":{"start":{"line":78,"column":26},"end":{"line":78,"column":45}},"skip":true},"6":{"name":"(anonymous_6)","line":123,"loc":{"start":{"line":123,"column":33},"end":{"line":123,"column":48}},"skip":true},"7":{"name":"(anonymous_7)","line":125,"loc":{"start":{"line":125,"column":27},"end":{"line":125,"column":39}},"skip":true},"8":{"name":"(anonymous_8)","line":133,"loc":{"start":{"line":133,"column":59},"end":{"line":133,"column":74}},"skip":true},"9":{"name":"(anonymous_9)","line":143,"loc":{"start":{"line":143,"column":45},"end":{"line":143,"column":62}},"skip":true},"10":{"name":"(anonymous_10)","line":144,"loc":{"start":{"line":144,"column":73},"end":{"line":144,"column":92}},"skip":true},"11":{"name":"(anonymous_11)","line":272,"loc":{"start":{"line":272,"column":51},"end":{"line":272,"column":77}},"skip":true},"12":{"name":"(anonymous_12)","line":314,"loc":{"start":{"line":314,"column":32},"end":{"line":314,"column":61}},"skip":true}},"statementMap":{"1":{"start":{"line":26,"column":0},"end":{"line":325,"column":5}},"2":{"start":{"line":28,"column":4},"end":{"line":28,"column":14}},"3":{"start":{"line":33,"column":4},"end":{"line":60,"column":9}},"4":{"start":{"line":35,"column":8},"end":{"line":35,"column":19}},"5":{"start":{"line":37,"column":8},"end":{"line":49,"column":13}},"6":{"start":{"line":38,"column":12},"end":{"line":48,"column":13}},"7":{"start":{"line":39,"column":16},"end":{"line":42,"column":30}},"8":{"start":{"line":44,"column":16},"end":{"line":47,"column":27}},"9":{"start":{"line":51,"column":8},"end":{"line":53,"column":21}},"10":{"start":{"line":55,"column":8},"end":{"line":57,"column":45}},"11":{"start":{"line":59,"column":8},"end":{"line":59,"column":35}},"12":{"start":{"line":61,"column":4},"end":{"line":324,"column":5}},"13":{"start":{"line":69,"column":8},"end":{"line":121,"column":10},"skip":true},"14":{"start":{"line":70,"column":12},"end":{"line":88,"column":13},"skip":true},"15":{"start":{"line":76,"column":16},"end":{"line":87,"column":19},"skip":true},"16":{"start":{"line":79,"column":20},"end":{"line":86,"column":21},"skip":true},"17":{"start":{"line":82,"column":24},"end":{"line":82,"column":43},"skip":true},"18":{"start":{"line":83,"column":24},"end":{"line":83,"column":30},"skip":true},"19":{"start":{"line":85,"column":24},"end":{"line":85,"column":49},"skip":true},"20":{"start":{"line":89,"column":12},"end":{"line":107,"column":13},"skip":true},"21":{"start":{"line":92,"column":16},"end":{"line":102,"column":17},"skip":true},"22":{"start":{"line":93,"column":20},"end":{"line":93,"column":86},"skip":true},"23":{"start":{"line":94,"column":20},"end":{"line":95,"column":45},"skip":true},"24":{"start":{"line":96,"column":20},"end":{"line":96,"column":42},"skip":true},"25":{"start":{"line":97,"column":20},"end":{"line":97,"column":48},"skip":true},"26":{"start":{"line":100,"column":20},"end":{"line":100,"column":85},"skip":true},"27":{"start":{"line":101,"column":20},"end":{"line":101,"column":96},"skip":true},"28":{"start":{"line":103,"column":16},"end":{"line":103,"column":22},"skip":true},"29":{"start":{"line":106,"column":16},"end":{"line":106,"column":22},"skip":true},"30":{"start":{"line":108,"column":12},"end":{"line":120,"column":13},"skip":true},"31":{"start":{"line":114,"column":16},"end":{"line":119,"column":17},"skip":true},"32":{"start":{"line":116,"column":20},"end":{"line":116,"column":78},"skip":true},"33":{"start":{"line":118,"column":20},"end":{"line":118,"column":53},"skip":true},"34":{"start":{"line":123,"column":8},"end":{"line":141,"column":11},"skip":true},"35":{"start":{"line":124,"column":12},"end":{"line":124,"column":54},"skip":true},"36":{"start":{"line":125,"column":12},"end":{"line":140,"column":14},"skip":true},"37":{"start":{"line":126,"column":16},"end":{"line":126,"column":28},"skip":true},"38":{"start":{"line":127,"column":16},"end":{"line":127,"column":69},"skip":true},"39":{"start":{"line":128,"column":16},"end":{"line":128,"column":75},"skip":true},"40":{"start":{"line":129,"column":16},"end":{"line":131,"column":17},"skip":true},"41":{"start":{"line":130,"column":20},"end":{"line":130,"column":27},"skip":true},"42":{"start":{"line":133,"column":16},"end":{"line":137,"column":36},"skip":true},"43":{"start":{"line":134,"column":20},"end":{"line":136,"column":55},"skip":true},"44":{"start":{"line":139,"column":16},"end":{"line":139,"column":57},"skip":true},"45":{"start":{"line":143,"column":8},"end":{"line":147,"column":11},"skip":true},"46":{"start":{"line":144,"column":12},"end":{"line":146,"column":15},"skip":true},"47":{"start":{"line":145,"column":16},"end":{"line":145,"column":70},"skip":true},"48":{"start":{"line":149,"column":8},"end":{"line":149,"column":31},"skip":true},"49":{"start":{"line":150,"column":8},"end":{"line":150,"column":14},"skip":true},"50":{"start":{"line":158,"column":8},"end":{"line":158,"column":31},"skip":true},"51":{"start":{"line":160,"column":8},"end":{"line":160,"column":33},"skip":true},"52":{"start":{"line":161,"column":8},"end":{"line":161,"column":37},"skip":true},"53":{"start":{"line":162,"column":8},"end":{"line":162,"column":35},"skip":true},"54":{"start":{"line":164,"column":8},"end":{"line":164,"column":50},"skip":true},"55":{"start":{"line":166,"column":8},"end":{"line":256,"column":2},"skip":true},"56":{"start":{"line":258,"column":8},"end":{"line":286,"column":9},"skip":true},"57":{"start":{"line":259,"column":12},"end":{"line":269,"column":14},"skip":true},"58":{"start":{"line":271,"column":12},"end":{"line":285,"column":19},"skip":true},"59":{"start":{"line":274,"column":20},"end":{"line":274,"column":35},"skip":true},"60":{"start":{"line":275,"column":20},"end":{"line":284,"column":21},"skip":true},"61":{"start":{"line":277,"column":24},"end":{"line":277,"column":64},"skip":true},"62":{"start":{"line":279,"column":24},"end":{"line":279,"column":40},"skip":true},"63":{"start":{"line":281,"column":24},"end":{"line":281,"column":40},"skip":true},"64":{"start":{"line":283,"column":24},"end":{"line":283,"column":39},"skip":true},"65":{"start":{"line":288,"column":8},"end":{"line":290,"column":9},"skip":true},"66":{"start":{"line":289,"column":12},"end":{"line":289,"column":18},"skip":true},"67":{"start":{"line":291,"column":8},"end":{"line":293,"column":54},"skip":true},"68":{"start":{"line":294,"column":8},"end":{"line":301,"column":37},"skip":true},"69":{"start":{"line":302,"column":8},"end":{"line":302,"column":82},"skip":true},"70":{"start":{"line":305,"column":8},"end":{"line":307,"column":9},"skip":true},"71":{"start":{"line":306,"column":12},"end":{"line":306,"column":82},"skip":true},"72":{"start":{"line":309,"column":8},"end":{"line":311,"column":9},"skip":true},"73":{"start":{"line":310,"column":12},"end":{"line":310,"column":18},"skip":true},"74":{"start":{"line":312,"column":8},"end":{"line":312,"column":54},"skip":true},"75":{"start":{"line":313,"column":8},"end":{"line":313,"column":69},"skip":true},"76":{"start":{"line":314,"column":8},"end":{"line":322,"column":36},"skip":true},"77":{"start":{"line":315,"column":12},"end":{"line":315,"column":61},"skip":true},"78":{"start":{"line":316,"column":12},"end":{"line":319,"column":13},"skip":true},"79":{"start":{"line":317,"column":16},"end":{"line":317,"column":75},"skip":true},"80":{"start":{"line":318,"column":16},"end":{"line":318,"column":23},"skip":true},"81":{"start":{"line":320,"column":12},"end":{"line":320,"column":38},"skip":true},"82":{"start":{"line":321,"column":12},"end":{"line":321,"column":27},"skip":true},"83":{"start":{"line":323,"column":8},"end":{"line":323,"column":14},"skip":true}},"branchMap":{"1":{"line":39,"type":"binary-expr","locations":[{"start":{"line":39,"column":23},"end":{"line":39,"column":62}},{"start":{"line":40,"column":20},"end":{"line":40,"column":70}},{"start":{"line":41,"column":20},"end":{"line":41,"column":71}},{"start":{"line":42,"column":20},"end":{"line":42,"column":29}}]},"2":{"line":44,"type":"binary-expr","locations":[{"start":{"line":44,"column":23},"end":{"line":44,"column":37}},{"start":{"line":45,"column":20},"end":{"line":45,"column":61}},{"start":{"line":46,"column":20},"end":{"line":46,"column":70}},{"start":{"line":47,"column":20},"end":{"line":47,"column":26}}]},"3":{"line":51,"type":"cond-expr","locations":[{"start":{"line":52,"column":14},"end":{"line":52,"column":20}},{"start":{"line":53,"column":14},"end":{"line":53,"column":20}}]},"4":{"line":55,"type":"binary-expr","locations":[{"start":{"line":55,"column":16},"end":{"line":55,"column":44}},{"start":{"line":55,"column":49},"end":{"line":57,"column":43}}]},"5":{"line":55,"type":"cond-expr","locations":[{"start":{"line":56,"column":14},"end":{"line":56,"column":51}},{"start":{"line":57,"column":14},"end":{"line":57,"column":43}}]},"6":{"line":61,"type":"switch","locations":[{"start":{"line":68,"column":4},"end":{"line":150,"column":14},"skip":true},{"start":{"line":156,"column":4},"end":{"line":323,"column":14},"skip":true}]},"7":{"line":70,"type":"if","locations":[{"start":{"line":70,"column":12},"end":{"line":70,"column":12},"skip":true},{"start":{"line":70,"column":12},"end":{"line":70,"column":12},"skip":true}]},"8":{"line":70,"type":"binary-expr","locations":[{"start":{"line":70,"column":16},"end":{"line":70,"column":22},"skip":true},{"start":{"line":70,"column":27},"end":{"line":70,"column":32},"skip":true},{"start":{"line":71,"column":20},"end":{"line":71,"column":39},"skip":true},{"start":{"line":72,"column":20},"end":{"line":72,"column":49},"skip":true},{"start":{"line":73,"column":20},"end":{"line":73,"column":58},"skip":true},{"start":{"line":74,"column":20},"end":{"line":74,"column":69},"skip":true}]},"9":{"line":79,"type":"switch","locations":[{"start":{"line":80,"column":20},"end":{"line":80,"column":33},"skip":true},{"start":{"line":81,"column":20},"end":{"line":83,"column":30},"skip":true},{"start":{"line":84,"column":20},"end":{"line":85,"column":49},"skip":true}]},"10":{"line":89,"type":"switch","locations":[{"start":{"line":90,"column":12},"end":{"line":103,"column":22},"skip":true},{"start":{"line":105,"column":12},"end":{"line":106,"column":22},"skip":true}]},"11":{"line":89,"type":"binary-expr","locations":[{"start":{"line":89,"column":20},"end":{"line":89,"column":25},"skip":true},{"start":{"line":89,"column":29},"end":{"line":89,"column":48},"skip":true},{"start":{"line":89,"column":52},"end":{"line":89,"column":74},"skip":true}]},"12":{"line":92,"type":"if","locations":[{"start":{"line":92,"column":16},"end":{"line":92,"column":16},"skip":true},{"start":{"line":92,"column":16},"end":{"line":92,"column":16},"skip":true}]},"13":{"line":108,"type":"if","locations":[{"start":{"line":108,"column":12},"end":{"line":108,"column":12},"skip":true},{"start":{"line":108,"column":12},"end":{"line":108,"column":12},"skip":true}]},"14":{"line":108,"type":"binary-expr","locations":[{"start":{"line":108,"column":16},"end":{"line":108,"column":61},"skip":true},{"start":{"line":108,"column":66},"end":{"line":108,"column":72},"skip":true},{"start":{"line":108,"column":77},"end":{"line":108,"column":82},"skip":true},{"start":{"line":109,"column":20},"end":{"line":109,"column":39},"skip":true},{"start":{"line":110,"column":20},"end":{"line":110,"column":49},"skip":true},{"start":{"line":111,"column":20},"end":{"line":111,"column":58},"skip":true},{"start":{"line":112,"column":20},"end":{"line":112,"column":68},"skip":true}]},"15":{"line":129,"type":"if","locations":[{"start":{"line":129,"column":16},"end":{"line":129,"column":16},"skip":true},{"start":{"line":129,"column":16},"end":{"line":129,"column":16},"skip":true}]},"16":{"line":134,"type":"cond-expr","locations":[{"start":{"line":135,"column":26},"end":{"line":135,"column":29},"skip":true},{"start":{"line":136,"column":26},"end":{"line":136,"column":54},"skip":true}]},"17":{"line":164,"type":"binary-expr","locations":[{"start":{"line":164,"column":27},"end":{"line":164,"column":43},"skip":true},{"start":{"line":164,"column":47},"end":{"line":164,"column":49},"skip":true}]},"18":{"line":258,"type":"if","locations":[{"start":{"line":258,"column":8},"end":{"line":258,"column":8},"skip":true},{"start":{"line":258,"column":8},"end":{"line":258,"column":8},"skip":true}]},"19":{"line":275,"type":"switch","locations":[{"start":{"line":276,"column":20},"end":{"line":277,"column":64},"skip":true},{"start":{"line":278,"column":20},"end":{"line":279,"column":40},"skip":true},{"start":{"line":280,"column":20},"end":{"line":281,"column":40},"skip":true},{"start":{"line":282,"column":20},"end":{"line":283,"column":39},"skip":true}]},"20":{"line":288,"type":"if","locations":[{"start":{"line":288,"column":8},"end":{"line":288,"column":8},"skip":true},{"start":{"line":288,"column":8},"end":{"line":288,"column":8},"skip":true}]},"21":{"line":288,"type":"binary-expr","locations":[{"start":{"line":288,"column":12},"end":{"line":288,"column":40},"skip":true},{"start":{"line":288,"column":44},"end":{"line":288,"column":67},"skip":true}]},"22":{"line":292,"type":"binary-expr","locations":[{"start":{"line":292,"column":12},"end":{"line":292,"column":50},"skip":true},{"start":{"line":293,"column":12},"end":{"line":293,"column":53},"skip":true}]},"23":{"line":295,"type":"binary-expr","locations":[{"start":{"line":295,"column":12},"end":{"line":295,"column":65},"skip":true},{"start":{"line":296,"column":12},"end":{"line":301,"column":36},"skip":true}]},"24":{"line":302,"type":"binary-expr","locations":[{"start":{"line":302,"column":43},"end":{"line":302,"column":75},"skip":true},{"start":{"line":302,"column":79},"end":{"line":302,"column":81},"skip":true}]},"25":{"line":305,"type":"if","locations":[{"start":{"line":305,"column":8},"end":{"line":305,"column":8},"skip":true},{"start":{"line":305,"column":8},"end":{"line":305,"column":8},"skip":true}]},"26":{"line":309,"type":"if","locations":[{"start":{"line":309,"column":8},"end":{"line":309,"column":8},"skip":true},{"start":{"line":309,"column":8},"end":{"line":309,"column":8},"skip":true}]},"27":{"line":312,"type":"binary-expr","locations":[{"start":{"line":312,"column":27},"end":{"line":312,"column":43},"skip":true},{"start":{"line":312,"column":47},"end":{"line":312,"column":53},"skip":true}]},"28":{"line":316,"type":"if","locations":[{"start":{"line":316,"column":12},"end":{"line":316,"column":12},"skip":true},{"start":{"line":316,"column":12},"end":{"line":316,"column":12},"skip":true}]}},"code":["/*","example.js","","quickstart example","","instruction","    1. save this script as example.js","    2. run the shell command:","        $ npm install npmtest-amqplib && PORT=8081 node example.js","    3. play with the browser-demo on http://127.0.0.1:8081","*/","","","","/* istanbul instrument in package npmtest_amqplib */","/*jslint","    bitwise: true,","    browser: true,","    maxerr: 8,","    maxlen: 96,","    node: true,","    nomen: true,","    regexp: true,","    stupid: true","*/","(function () {","    'use strict';","    var local;","","","","    // run shared js-env code - pre-init","    (function () {","        // init local","        local = {};","        // init modeJs","        local.modeJs = (function () {","            try {","                return typeof navigator.userAgent === 'string' &&","                    typeof document.querySelector('body') === 'object' &&","                    typeof XMLHttpRequest.prototype.open === 'function' &&","                    'browser';","            } catch (errorCaughtBrowser) {","                return module.exports &&","                    typeof process.versions.node === 'string' &&","                    typeof require('http').createServer === 'function' &&","                    'node';","            }","        }());","        // init global","        local.global = local.modeJs === 'browser'","            ? window","            : global;","        // init utility2_rollup","        local = local.global.utility2_rollup || (local.modeJs === 'browser'","            ? local.global.utility2_npmtest_amqplib","            : global.utility2_moduleExports);","        // export local","        local.global.local = local;","    }());","    switch (local.modeJs) {","","","","    // post-init","    // run browser js-env code - post-init","    /* istanbul ignore next */","    case 'browser':","        local.testRunBrowser = function (event) {","            if (!event || (event &&","                    event.currentTarget &&","                    event.currentTarget.className &&","                    event.currentTarget.className.includes &&","                    event.currentTarget.className.includes('onreset'))) {","                // reset output","                Array.from(","                    document.querySelectorAll('body > .resettable')","                ).forEach(function (element) {","                    switch (element.tagName) {","                    case 'INPUT':","                    case 'TEXTAREA':","                        element.value = '';","                        break;","                    default:","                        element.textContent = '';","                    }","                });","            }","            switch (event && event.currentTarget && event.currentTarget.id) {","            case 'testRunButton1':","                // show tests","                if (document.querySelector('#testReportDiv1').style.display === 'none') {","                    document.querySelector('#testReportDiv1').style.display = 'block';","                    document.querySelector('#testRunButton1').textContent =","                        'hide internal test';","                    local.modeTest = true;","                    local.testRunDefault(local);","                // hide tests","                } else {","                    document.querySelector('#testReportDiv1').style.display = 'none';","                    document.querySelector('#testRunButton1').textContent = 'run internal test';","                }","                break;","            // custom-case","            default:","                break;","            }","            if (document.querySelector('#inputTextareaEval1') && (!event || (event &&","                    event.currentTarget &&","                    event.currentTarget.className &&","                    event.currentTarget.className.includes &&","                    event.currentTarget.className.includes('oneval')))) {","                // try to eval input-code","                try {","                    /*jslint evil: true*/","                    eval(document.querySelector('#inputTextareaEval1').value);","                } catch (errorCaught) {","                    console.error(errorCaught.stack);","                }","            }","        };","        // log stderr and stdout to #outputTextareaStdout1","        ['error', 'log'].forEach(function (key) {","            console[key + '_original'] = console[key];","            console[key] = function () {","                var element;","                console[key + '_original'].apply(console, arguments);","                element = document.querySelector('#outputTextareaStdout1');","                if (!element) {","                    return;","                }","                // append text to #outputTextareaStdout1","                element.value += Array.from(arguments).map(function (arg) {","                    return typeof arg === 'string'","                        ? arg","                        : JSON.stringify(arg, null, 4);","                }).join(' ') + '\\n';","                // scroll textarea to bottom","                element.scrollTop = element.scrollHeight;","            };","        });","        // init event-handling","        ['change', 'click', 'keyup'].forEach(function (event) {","            Array.from(document.querySelectorAll('.on' + event)).forEach(function (element) {","                element.addEventListener(event, local.testRunBrowser);","            });","        });","        // run tests","        local.testRunBrowser();","        break;","","","","    // run node js-env code - post-init","    /* istanbul ignore next */","    case 'node':","        // export local","        module.exports = local;","        // require modules","        local.fs = require('fs');","        local.http = require('http');","        local.url = require('url');","        // init assets","        local.assetsDict = local.assetsDict || {};","        /* jslint-ignore-begin */","        local.assetsDict['/assets.index.template.html'] = '\\","<!doctype html>\\n\\","<html lang=\"en\">\\n\\","<head>\\n\\","<meta charset=\"UTF-8\">\\n\\","<meta name=\"viewport\" content=\"width=device-width, initial-scale=1\">\\n\\","<title>{{env.npm_package_name}} (v{{env.npm_package_version}})</title>\\n\\","<style>\\n\\","/*csslint\\n\\","    box-sizing: false,\\n\\","    universal-selector: false\\n\\","*/\\n\\","* {\\n\\","    box-sizing: border-box;\\n\\","}\\n\\","body {\\n\\","    background: #dde;\\n\\","    font-family: Arial, Helvetica, sans-serif;\\n\\","    margin: 2rem;\\n\\","}\\n\\","body > * {\\n\\","    margin-bottom: 1rem;\\n\\","}\\n\\",".utility2FooterDiv {\\n\\","    margin-top: 20px;\\n\\","    text-align: center;\\n\\","}\\n\\","</style>\\n\\","<style>\\n\\","/*csslint\\n\\","*/\\n\\","textarea {\\n\\","    font-family: monospace;\\n\\","    height: 10rem;\\n\\","    width: 100%;\\n\\","}\\n\\","textarea[readonly] {\\n\\","    background: #ddd;\\n\\","}\\n\\","</style>\\n\\","</head>\\n\\","<body>\\n\\","<!-- utility2-comment\\n\\","<div id=\"ajaxProgressDiv1\" style=\"background: #d00; height: 2px; left: 0; margin: 0; padding: 0; position: fixed; top: 0; transition: background 0.5s, width 1.5s; width: 25%;\"></div>\\n\\","utility2-comment -->\\n\\","<h1>\\n\\","<!-- utility2-comment\\n\\","    <a\\n\\","        {{#if env.npm_package_homepage}}\\n\\","        href=\"{{env.npm_package_homepage}}\"\\n\\","        {{/if env.npm_package_homepage}}\\n\\","        target=\"_blank\"\\n\\","    >\\n\\","utility2-comment -->\\n\\","        {{env.npm_package_name}} (v{{env.npm_package_version}})\\n\\","<!-- utility2-comment\\n\\","    </a>\\n\\","utility2-comment -->\\n\\","</h1>\\n\\","<h3>{{env.npm_package_description}}</h3>\\n\\","<!-- utility2-comment\\n\\","<h4><a download href=\"assets.app.js\">download standalone app</a></h4>\\n\\","<button class=\"onclick onreset\" id=\"testRunButton1\">run internal test</button><br>\\n\\","<div id=\"testReportDiv1\" style=\"display: none;\"></div>\\n\\","utility2-comment -->\\n\\","\\n\\","\\n\\","\\n\\","<label>stderr and stdout</label>\\n\\","<textarea class=\"resettable\" id=\"outputTextareaStdout1\" readonly></textarea>\\n\\","<!-- utility2-comment\\n\\","{{#if isRollup}}\\n\\","<script src=\"assets.app.js\"></script>\\n\\","{{#unless isRollup}}\\n\\","utility2-comment -->\\n\\","<script src=\"assets.utility2.rollup.js\"></script>\\n\\","<script src=\"jsonp.utility2._stateInit?callback=window.utility2._stateInit\"></script>\\n\\","<script src=\"assets.npmtest_amqplib.rollup.js\"></script>\\n\\","<script src=\"assets.example.js\"></script>\\n\\","<script src=\"assets.test.js\"></script>\\n\\","<!-- utility2-comment\\n\\","{{/if isRollup}}\\n\\","utility2-comment -->\\n\\","<div class=\"utility2FooterDiv\">\\n\\","    [ this app was created with\\n\\","    <a href=\"https://github.com/kaizhu256/node-utility2\" target=\"_blank\">utility2</a>\\n\\","    ]\\n\\","</div>\\n\\","</body>\\n\\","</html>\\n\\","';","        /* jslint-ignore-end */","        if (local.templateRender) {","            local.assetsDict['/'] = local.templateRender(","                local.assetsDict['/assets.index.template.html'],","                {","                    env: local.objectSetDefault(local.env, {","                        npm_package_description: 'the greatest app in the world!',","                        npm_package_name: 'my-app',","                        npm_package_nameAlias: 'my_app',","                        npm_package_version: '0.0.1'","                    })","                }","            );","        } else {","            local.assetsDict['/'] = local.assetsDict['/assets.index.template.html']","                .replace((/\\{\\{env\\.(\\w+?)\\}\\}/g), function (match0, match1) {","                    // jslint-hack","                    String(match0);","                    switch (match1) {","                    case 'npm_package_description':","                        return 'the greatest app in the world!';","                    case 'npm_package_name':","                        return 'my-app';","                    case 'npm_package_nameAlias':","                        return 'my_app';","                    case 'npm_package_version':","                        return '0.0.1';","                    }","                });","        }","        // run the cli","        if (local.global.utility2_rollup || module !== require.main) {","            break;","        }","        local.assetsDict['/assets.example.js'] =","            local.assetsDict['/assets.example.js'] ||","            local.fs.readFileSync(__filename, 'utf8');","        local.assetsDict['/assets.npmtest_amqplib.rollup.js'] =","            local.assetsDict['/assets.npmtest_amqplib.rollup.js'] ||","            local.fs.readFileSync(","                // buildCustomOrg-hack","                local.npmtest_amqplib.__dirname +","                    '/lib.npmtest_amqplib.js',","                'utf8'","            ).replace((/^#!/), '//');","        local.assetsDict['/favicon.ico'] = local.assetsDict['/favicon.ico'] || '';","        // if $npm_config_timeout_exit exists,","        // then exit this process after $npm_config_timeout_exit ms","        if (Number(process.env.npm_config_timeout_exit)) {","            setTimeout(process.exit, Number(process.env.npm_config_timeout_exit));","        }","        // start server","        if (local.global.utility2_serverHttp1) {","            break;","        }","        process.env.PORT = process.env.PORT || '8081';","        console.error('server starting on port ' + process.env.PORT);","        local.http.createServer(function (request, response) {","            request.urlParsed = local.url.parse(request.url);","            if (local.assetsDict[request.urlParsed.pathname] !== undefined) {","                response.end(local.assetsDict[request.urlParsed.pathname]);","                return;","            }","            response.statusCode = 404;","            response.end();","        }).listen(process.env.PORT);","        break;","    }","}());",""],"l":{"26":2,"28":2,"33":2,"35":2,"37":2,"38":2,"39":2,"44":1,"51":2,"55":2,"59":2,"61":2,"69":1,"70":2,"76":2,"79":2,"82":2,"83":2,"85":1,"89":2,"92":1,"93":1,"94":1,"96":1,"97":1,"100":1,"101":1,"103":1,"106":1,"108":2,"114":1,"116":1,"118":1,"123":1,"124":2,"125":2,"126":2,"127":2,"128":2,"129":2,"130":1,"133":2,"134":2,"139":2,"143":1,"144":3,"145":1,"149":1,"150":1,"158":1,"160":1,"161":1,"162":1,"164":1,"166":1,"258":1,"259":1,"271":1,"274":6,"275":6,"277":1,"279":2,"281":1,"283":2,"288":1,"289":1,"291":1,"294":1,"302":1,"305":1,"306":1,"309":1,"310":1,"312":1,"313":1,"314":1,"315":1,"316":1,"317":1,"318":1,"320":1,"321":1,"323":1}},"/home/travis/build/npmtest/node-npmtest-amqplib/amqplib/channel_api.js":{"path":"/home/travis/build/npmtest/node-npmtest-amqplib/amqplib/channel_api.js","s":{"1":1,"2":1,"3":1,"4":1,"5":0,"6":0,"7":0,"8":1,"9":1},"b":{},"f":{"1":0,"2":0,"3":0},"fnMap":{"1":{"name":"connect","line":5,"loc":{"start":{"line":5,"column":0},"end":{"line":5,"column":35}}},"2":{"name":"(anonymous_2)","line":6,"loc":{"start":{"line":6,"column":30},"end":{"line":6,"column":43}}},"3":{"name":"(anonymous_3)","line":9,"loc":{"start":{"line":9,"column":8},"end":{"line":9,"column":23}}}},"statementMap":{"1":{"start":{"line":1,"column":0},"end":{"line":1,"column":51}},"2":{"start":{"line":2,"column":0},"end":{"line":2,"column":63}},"3":{"start":{"line":3,"column":0},"end":{"line":3,"column":34}},"4":{"start":{"line":5,"column":0},"end":{"line":12,"column":1}},"5":{"start":{"line":6,"column":2},"end":{"line":11,"column":5}},"6":{"start":{"line":7,"column":4},"end":{"line":7,"column":45}},"7":{"start":{"line":10,"column":4},"end":{"line":10,"column":34}},"8":{"start":{"line":14,"column":0},"end":{"line":14,"column":33}},"9":{"start":{"line":15,"column":0},"end":{"line":15,"column":58}}},"branchMap":{},"code":["var raw_connect = require('./lib/connect').connect;","var ChannelModel = require('./lib/channel_model').ChannelModel;","var Promise = require('bluebird');","","function connect(url, connOptions) {","  return Promise.fromCallback(function(cb) {","    return raw_connect(url, connOptions, cb);","  })","  .then(function(conn) {","    return new ChannelModel(conn);","  });","};","","module.exports.connect = connect;","module.exports.credentials = require('./lib/credentials');",""],"l":{"1":1,"2":1,"3":1,"5":1,"6":0,"7":0,"10":0,"14":1,"15":1}},"/home/travis/build/npmtest/node-npmtest-amqplib/amqplib/lib/connect.js":{"path":"/home/travis/build/npmtest/node-npmtest-amqplib/amqplib/lib/connect.js","s":{"1":1,"2":1,"3":1,"4":1,"5":1,"6":1,"7":0,"8":0,"9":0,"10":0,"11":0,"12":0,"13":1,"14":0,"15":1,"16":1,"17":0,"18":0,"19":0,"20":0,"21":1,"22":0,"23":0,"24":0,"25":1,"26":0,"27":0,"28":0,"29":0,"30":0,"31":0,"32":1,"33":0,"34":0,"35":0,"36":0,"37":0,"38":0,"39":0,"40":0,"41":0,"42":0,"43":0,"44":0,"45":0,"46":0,"47":0,"48":0,"49":0,"50":0,"51":0,"52":0,"53":0,"54":0,"55":0,"56":0,"57":0,"58":0,"59":0,"60":1,"61":0,"62":0,"63":0,"64":0,"65":0,"66":0,"67":0,"68":0,"69":0,"70":0,"71":0,"72":0,"73":0,"74":0,"75":0,"76":0,"77":0,"78":0,"79":0,"80":0,"81":0,"82":1},"b":{"1":[0,0],"2":[0,0],"3":[0,0],"4":[0,0],"5":[0,0],"6":[0,0],"7":[0,0],"8":[0,0],"9":[0,0],"10":[0,0],"11":[0,0],"12":[0,0],"13":[0,0],"14":[0,0],"15":[0,0],"16":[0,0],"17":[0,0],"18":[0,0],"19":[0,0],"20":[0,0],"21":[0,0],"22":[0,0],"23":[0,0],"24":[0,0],"25":[0,0],"26":[0,0],"27":[0,0]},"f":{"1":0,"2":0,"3":0,"4":0,"5":0,"6":0,"7":0,"8":0,"9":0},"fnMap":{"1":{"name":"copyInto","line":15,"loc":{"start":{"line":15,"column":0},"end":{"line":15,"column":31}}},"2":{"name":"clone","line":26,"loc":{"start":{"line":26,"column":0},"end":{"line":26,"column":20}}},"3":{"name":"openFrames","line":46,"loc":{"start":{"line":46,"column":0},"end":{"line":46,"column":70}}},"4":{"name":"intOrDefault","line":54,"loc":{"start":{"line":54,"column":2},"end":{"line":54,"column":34}}},"5":{"name":"credentialsFromUrl","line":80,"loc":{"start":{"line":80,"column":0},"end":{"line":80,"column":35}}},"6":{"name":"connect","line":90,"loc":{"start":{"line":90,"column":0},"end":{"line":90,"column":51}}},"7":{"name":"onConnect","line":134,"loc":{"start":{"line":134,"column":2},"end":{"line":134,"column":23}}},"8":{"name":"(anonymous_8)","line":140,"loc":{"start":{"line":140,"column":19},"end":{"line":140,"column":37}}},"9":{"name":"(anonymous_9)","line":166,"loc":{"start":{"line":166,"column":21},"end":{"line":166,"column":35}}}},"statementMap":{"1":{"start":{"line":9,"column":0},"end":{"line":9,"column":25}},"2":{"start":{"line":10,"column":0},"end":{"line":10,"column":32}},"3":{"start":{"line":11,"column":0},"end":{"line":11,"column":52}},"4":{"start":{"line":12,"column":0},"end":{"line":12,"column":33}},"5":{"start":{"line":13,"column":0},"end":{"line":13,"column":43}},"6":{"start":{"line":15,"column":0},"end":{"line":23,"column":1}},"7":{"start":{"line":16,"column":2},"end":{"line":16,"column":30}},"8":{"start":{"line":17,"column":2},"end":{"line":17,"column":22}},"9":{"start":{"line":18,"column":2},"end":{"line":21,"column":3}},"10":{"start":{"line":19,"column":4},"end":{"line":19,"column":20}},"11":{"start":{"line":20,"column":4},"end":{"line":20,"column":23}},"12":{"start":{"line":22,"column":2},"end":{"line":22,"column":16}},"13":{"start":{"line":26,"column":0},"end":{"line":28,"column":1}},"14":{"start":{"line":27,"column":2},"end":{"line":27,"column":27}},"15":{"start":{"line":30,"column":0},"end":{"line":43,"column":2}},"16":{"start":{"line":46,"column":0},"end":{"line":77,"column":1}},"17":{"start":{"line":47,"column":2},"end":{"line":50,"column":31}},"18":{"start":{"line":48,"column":4},"end":{"line":48,"column":16}},"19":{"start":{"line":50,"column":4},"end":{"line":50,"column":31}},"20":{"start":{"line":52,"column":2},"end":{"line":52,"column":26}},"21":{"start":{"line":54,"column":2},"end":{"line":56,"column":3}},"22":{"start":{"line":55,"column":4},"end":{"line":55,"column":53}},"23":{"start":{"line":58,"column":2},"end":{"line":58,"column":58}},"24":{"start":{"line":60,"column":2},"end":{"line":76,"column":4}},"25":{"start":{"line":80,"column":0},"end":{"line":88,"column":1}},"26":{"start":{"line":81,"column":2},"end":{"line":81,"column":39}},"27":{"start":{"line":82,"column":2},"end":{"line":86,"column":3}},"28":{"start":{"line":83,"column":4},"end":{"line":83,"column":37}},"29":{"start":{"line":84,"column":4},"end":{"line":84,"column":19}},"30":{"start":{"line":85,"column":4},"end":{"line":85,"column":21}},"31":{"start":{"line":87,"column":2},"end":{"line":87,"column":41}},"32":{"start":{"line":90,"column":0},"end":{"line":170,"column":1}},"33":{"start":{"line":95,"column":2},"end":{"line":95,"column":44}},"34":{"start":{"line":96,"column":2},"end":{"line":96,"column":34}},"35":{"start":{"line":98,"column":2},"end":{"line":98,"column":35}},"36":{"start":{"line":99,"column":2},"end":{"line":99,"column":33}},"37":{"start":{"line":100,"column":2},"end":{"line":100,"column":39}},"38":{"start":{"line":102,"column":2},"end":{"line":102,"column":52}},"39":{"start":{"line":104,"column":2},"end":{"line":104,"column":62}},"40":{"start":{"line":106,"column":2},"end":{"line":106,"column":23}},"41":{"start":{"line":107,"column":2},"end":{"line":129,"column":3}},"42":{"start":{"line":108,"column":4},"end":{"line":108,"column":46}},"43":{"start":{"line":109,"column":4},"end":{"line":109,"column":33}},"44":{"start":{"line":110,"column":4},"end":{"line":110,"column":71}},"45":{"start":{"line":112,"column":4},"end":{"line":112,"column":19}},"46":{"start":{"line":113,"column":4},"end":{"line":119,"column":5}},"47":{"start":{"line":114,"column":6},"end":{"line":114,"column":21}},"48":{"start":{"line":115,"column":6},"end":{"line":115,"column":37}},"49":{"start":{"line":117,"column":6},"end":{"line":117,"column":26}},"50":{"start":{"line":118,"column":6},"end":{"line":118,"column":26}},"51":{"start":{"line":121,"column":4},"end":{"line":121,"column":119}},"52":{"start":{"line":123,"column":4},"end":{"line":123,"column":37}},"53":{"start":{"line":124,"column":4},"end":{"line":124,"column":30}},"54":{"start":{"line":125,"column":4},"end":{"line":125,"column":35}},"55":{"start":{"line":126,"column":4},"end":{"line":126,"column":83}},"56":{"start":{"line":127,"column":4},"end":{"line":127,"column":65}},"57":{"start":{"line":128,"column":4},"end":{"line":128,"column":118}},"58":{"start":{"line":131,"column":2},"end":{"line":131,"column":21}},"59":{"start":{"line":132,"column":2},"end":{"line":132,"column":11}},"60":{"start":{"line":134,"column":2},"end":{"line":149,"column":3}},"61":{"start":{"line":135,"column":4},"end":{"line":135,"column":18}},"62":{"start":{"line":136,"column":4},"end":{"line":136,"column":29}},"63":{"start":{"line":137,"column":4},"end":{"line":137,"column":64}},"64":{"start":{"line":137,"column":19},"end":{"line":137,"column":64}},"65":{"start":{"line":139,"column":4},"end":{"line":139,"column":33}},"66":{"start":{"line":140,"column":4},"end":{"line":148,"column":7}},"67":{"start":{"line":143,"column":6},"end":{"line":143,"column":38}},"68":{"start":{"line":143,"column":19},"end":{"line":143,"column":38}},"69":{"start":{"line":144,"column":6},"end":{"line":147,"column":29}},"70":{"start":{"line":145,"column":8},"end":{"line":145,"column":30}},"71":{"start":{"line":147,"column":11},"end":{"line":147,"column":29}},"72":{"start":{"line":151,"column":2},"end":{"line":159,"column":3}},"73":{"start":{"line":152,"column":4},"end":{"line":152,"column":55}},"74":{"start":{"line":154,"column":7},"end":{"line":159,"column":3}},"75":{"start":{"line":155,"column":4},"end":{"line":155,"column":55}},"76":{"start":{"line":158,"column":4},"end":{"line":158,"column":81}},"77":{"start":{"line":161,"column":2},"end":{"line":164,"column":3}},"78":{"start":{"line":162,"column":4},"end":{"line":163,"column":72}},"79":{"start":{"line":166,"column":2},"end":{"line":168,"column":5}},"80":{"start":{"line":167,"column":4},"end":{"line":167,"column":35}},"81":{"start":{"line":167,"column":17},"end":{"line":167,"column":35}},"82":{"start":{"line":172,"column":0},"end":{"line":172,"column":33}}},"branchMap":{"1":{"line":47,"type":"if","locations":[{"start":{"line":47,"column":2},"end":{"line":47,"column":2}},{"start":{"line":47,"column":2},"end":{"line":47,"column":2}}]},"2":{"line":52,"type":"binary-expr","locations":[{"start":{"line":52,"column":14},"end":{"line":52,"column":19}},{"start":{"line":52,"column":23},"end":{"line":52,"column":25}}]},"3":{"line":55,"type":"cond-expr","locations":[{"start":{"line":55,"column":33},"end":{"line":55,"column":36}},{"start":{"line":55,"column":39},"end":{"line":55,"column":52}}]},"4":{"line":65,"type":"binary-expr","locations":[{"start":{"line":65,"column":14},"end":{"line":65,"column":26}},{"start":{"line":65,"column":30},"end":{"line":65,"column":37}}]},"5":{"line":82,"type":"if","locations":[{"start":{"line":82,"column":2},"end":{"line":82,"column":2}},{"start":{"line":82,"column":2},"end":{"line":82,"column":2}}]},"6":{"line":95,"type":"binary-expr","locations":[{"start":{"line":95,"column":23},"end":{"line":95,"column":36}},{"start":{"line":95,"column":40},"end":{"line":95,"column":42}}]},"7":{"line":96,"type":"binary-expr","locations":[{"start":{"line":96,"column":8},"end":{"line":96,"column":11}},{"start":{"line":96,"column":15},"end":{"line":96,"column":33}}]},"8":{"line":102,"type":"binary-expr","locations":[{"start":{"line":102,"column":23},"end":{"line":102,"column":46}},{"start":{"line":102,"column":50},"end":{"line":102,"column":51}}]},"9":{"line":104,"type":"binary-expr","locations":[{"start":{"line":104,"column":30},"end":{"line":104,"column":55}},{"start":{"line":104,"column":59},"end":{"line":104,"column":61}}]},"10":{"line":107,"type":"if","locations":[{"start":{"line":107,"column":2},"end":{"line":107,"column":2}},{"start":{"line":107,"column":2},"end":{"line":107,"column":2}}]},"11":{"line":108,"type":"binary-expr","locations":[{"start":{"line":108,"column":16},"end":{"line":108,"column":28}},{"start":{"line":108,"column":32},"end":{"line":108,"column":38}}]},"12":{"line":110,"type":"binary-expr","locations":[{"start":{"line":110,"column":20},"end":{"line":110,"column":28}},{"start":{"line":110,"column":33},"end":{"line":110,"column":69}}]},"13":{"line":110,"type":"cond-expr","locations":[{"start":{"line":110,"column":58},"end":{"line":110,"column":62}},{"start":{"line":110,"column":65},"end":{"line":110,"column":69}}]},"14":{"line":113,"type":"if","locations":[{"start":{"line":113,"column":4},"end":{"line":113,"column":4}},{"start":{"line":113,"column":4},"end":{"line":113,"column":4}}]},"15":{"line":115,"type":"binary-expr","locations":[{"start":{"line":115,"column":13},"end":{"line":115,"column":25}},{"start":{"line":115,"column":29},"end":{"line":115,"column":36}}]},"16":{"line":121,"type":"binary-expr","locations":[{"start":{"line":121,"column":41},"end":{"line":121,"column":61}},{"start":{"line":121,"column":65},"end":{"line":121,"column":94}}]},"17":{"line":126,"type":"binary-expr","locations":[{"start":{"line":126,"column":20},"end":{"line":126,"column":40}},{"start":{"line":126,"column":45},"end":{"line":126,"column":81}}]},"18":{"line":126,"type":"cond-expr","locations":[{"start":{"line":126,"column":70},"end":{"line":126,"column":74}},{"start":{"line":126,"column":77},"end":{"line":126,"column":81}}]},"19":{"line":127,"type":"cond-expr","locations":[{"start":{"line":127,"column":33},"end":{"line":127,"column":57}},{"start":{"line":127,"column":60},"end":{"line":127,"column":64}}]},"20":{"line":128,"type":"binary-expr","locations":[{"start":{"line":128,"column":44},"end":{"line":128,"column":64}},{"start":{"line":128,"column":68},"end":{"line":128,"column":93}}]},"21":{"line":137,"type":"if","locations":[{"start":{"line":137,"column":4},"end":{"line":137,"column":4}},{"start":{"line":137,"column":4},"end":{"line":137,"column":4}}]},"22":{"line":143,"type":"if","locations":[{"start":{"line":143,"column":6},"end":{"line":143,"column":6}},{"start":{"line":143,"column":6},"end":{"line":143,"column":6}}]},"23":{"line":144,"type":"if","locations":[{"start":{"line":144,"column":6},"end":{"line":144,"column":6}},{"start":{"line":144,"column":6},"end":{"line":144,"column":6}}]},"24":{"line":151,"type":"if","locations":[{"start":{"line":151,"column":2},"end":{"line":151,"column":2}},{"start":{"line":151,"column":2},"end":{"line":151,"column":2}}]},"25":{"line":154,"type":"if","locations":[{"start":{"line":154,"column":7},"end":{"line":154,"column":7}},{"start":{"line":154,"column":7},"end":{"line":154,"column":7}}]},"26":{"line":161,"type":"if","locations":[{"start":{"line":161,"column":2},"end":{"line":161,"column":2}},{"start":{"line":161,"column":2},"end":{"line":161,"column":2}}]},"27":{"line":167,"type":"if","locations":[{"start":{"line":167,"column":4},"end":{"line":167,"column":4}},{"start":{"line":167,"column":4},"end":{"line":167,"column":4}}]}},"code":["//","//","//","","// General-purpose API for glueing everything together.","","'use strict';","","var URL = require('url');","var QS = require('querystring');","var Connection = require('./connection').Connection;","var fmt = require('util').format;","var credentials = require('./credentials');","","function copyInto(obj, target) {","  var keys = Object.keys(obj);","  var i = keys.length;","  while (i--) {","    var k = keys[i];","    target[k] = obj[k];","  }","  return target;","}","","// Adapted from util._extend, which is too fringe to use.","function clone(obj) {","  return copyInto(obj, {});","}","","var CLIENT_PROPERTIES = {","  \"product\": \"amqplib\",","  \"version\": require('../package.json').version,","  \"platform\": fmt('Node.JS %s', process.version),","  \"information\": \"http://squaremo.github.io/amqp.node\",","  \"capabilities\": {","    \"publisher_confirms\": true,","    \"exchange_exchange_bindings\": true,","    \"basic.nack\": true,","    \"consumer_cancel_notify\": true,","    \"connection.blocked\": true,","    \"authentication_failure_close\": true","  }","};","","// Construct the main frames used in the opening handshake","function openFrames(vhost, query, credentials, extraClientProperties) {","  if (!vhost)","    vhost = '/';","  else","    vhost = QS.unescape(vhost);","","  var query = query || {};","","  function intOrDefault(val, def) {","    return (val === undefined) ? def : parseInt(val);","  }","","  var clientProperties = Object.create(CLIENT_PROPERTIES);","","  return {","    // start-ok","    'clientProperties': copyInto(extraClientProperties, clientProperties),","    'mechanism': credentials.mechanism,","    'response': credentials.response(),","    'locale': query.locale || 'en_US',","","    // tune-ok","    'channelMax': intOrDefault(query.channelMax, 0),","    'frameMax': intOrDefault(query.frameMax, 0x1000),","    'heartbeat': intOrDefault(query.heartbeat, 0),","","    // open","    'virtualHost': vhost,","    'capabilities': '',","    'insist': 0","  };","}","","// Decide on credentials based on what we're supplied","function credentialsFromUrl(parts) {","  var user = 'guest', passwd = 'guest';","  if (parts.auth) {","    var auth = parts.auth.split(':');","    user = auth[0];","    passwd = auth[1];","  }","  return credentials.plain(user, passwd);","}","","function connect(url, socketOptions, openCallback) {","  // tls.connect uses `util._extend()` on the options given it, which","  // copies only properties mentioned in `Object.keys()`, when","  // processing the options. So I have to make copies too, rather","  // than using `Object.create()`.","  var sockopts = clone(socketOptions || {});","  url = url || 'amqp://localhost';","","  var noDelay = !!sockopts.noDelay;","  var timeout = sockopts.timeout;","  var keepAlive = !!sockopts.keepAlive;","  // 0 is default for node","  var keepAliveDelay = sockopts.keepAliveDelay || 0;","","  var extraClientProperties = sockopts.clientProperties || {};","","  var protocol, fields;","  if (typeof url === 'object') {","    protocol = (url.protocol || 'amqp') + ':';","    sockopts.host = url.hostname;","    sockopts.port = url.port || ((protocol === 'amqp:') ? 5672 : 5671);","","    var user, pass;","    if (!url.username) {","      user = 'guest';","      pass = url.password || 'guest';","    } else {","      user = url.username;","      pass = url.password;","    }","","    fields = openFrames(url.vhost, null, sockopts.credentials || credentials.plain(user, pass), extraClientProperties);","  } else {","    var parts = URL.parse(url, true); // yes, parse the query string","    protocol = parts.protocol;","    sockopts.host = parts.hostname;","    sockopts.port = parseInt(parts.port) || ((protocol === 'amqp:') ? 5672 : 5671);","    var vhost = parts.pathname ? parts.pathname.substr(1) : null;","    fields = openFrames(vhost, parts.query, sockopts.credentials || credentialsFromUrl(parts), extraClientProperties);","  }","","  var sockok = false;","  var sock;","","  function onConnect() {","    sockok = true;","    sock.setNoDelay(noDelay);","    if (keepAlive) sock.setKeepAlive(keepAlive, keepAliveDelay);","","    var c = new Connection(sock);","    c.open(fields, function(err, ok) {","      // disable timeout once the connection is open, we don't want","      // it fouling things","      if (timeout) sock.setTimeout(0);","      if (err === null) {","        openCallback(null, c);","      }","      else openCallback(err);","    });","  }","","  if (protocol === 'amqp:') {","    sock = require('net').connect(sockopts, onConnect);","  }","  else if (protocol === 'amqps:') {","    sock = require('tls').connect(sockopts, onConnect);","  }","  else {","    throw new Error(\"Expected amqp: or amqps: as the protocol; got \" + protocol);","  }","","  if (timeout) {","    sock.setTimeout(","      timeout, openCallback.bind(this, new Error('connect ETIMEDOUT')));","  }","","  sock.once('error', function(err) {","    if (!sockok) openCallback(err);","  });","","}","","module.exports.connect = connect;",""],"l":{"9":1,"10":1,"11":1,"12":1,"13":1,"15":1,"16":0,"17":0,"18":0,"19":0,"20":0,"22":0,"26":1,"27":0,"30":1,"46":1,"47":0,"48":0,"50":0,"52":0,"54":1,"55":0,"58":0,"60":0,"80":1,"81":0,"82":0,"83":0,"84":0,"85":0,"87":0,"90":1,"95":0,"96":0,"98":0,"99":0,"100":0,"102":0,"104":0,"106":0,"107":0,"108":0,"109":0,"110":0,"112":0,"113":0,"114":0,"115":0,"117":0,"118":0,"121":0,"123":0,"124":0,"125":0,"126":0,"127":0,"128":0,"131":0,"132":0,"134":1,"135":0,"136":0,"137":0,"139":0,"140":0,"143":0,"144":0,"145":0,"147":0,"151":0,"152":0,"154":0,"155":0,"158":0,"161":0,"162":0,"166":0,"167":0,"172":1}},"/home/travis/build/npmtest/node-npmtest-amqplib/amqplib/lib/connection.js":{"path":"/home/travis/build/npmtest/node-npmtest-amqplib/amqplib/lib/connection.js","s":{"1":1,"2":1,"3":1,"4":1,"5":1,"6":1,"7":1,"8":1,"9":1,"10":1,"11":1,"12":1,"13":1,"14":1,"15":1,"16":1,"17":1,"18":1,"19":1,"20":1,"21":0,"22":0,"23":0,"24":0,"25":0,"26":0,"27":0,"28":0,"29":0,"30":0,"31":1,"32":1,"33":1,"34":0,"35":0,"36":0,"37":0,"38":1,"39":0,"40":0,"41":0,"42":0,"43":0,"44":0,"45":0,"46":0,"47":0,"48":0,"49":0,"50":0,"51":0,"52":0,"53":0,"54":0,"55":1,"56":0,"57":1,"58":0,"59":0,"60":0,"61":1,"62":0,"63":0,"64":0,"65":0,"66":0,"67":0,"68":1,"69":0,"70":0,"71":0,"72":0,"73":1,"74":0,"75":1,"76":0,"77":0,"78":0,"79":1,"80":0,"81":0,"82":0,"83":1,"84":0,"85":0,"86":0,"87":0,"88":0,"89":0,"90":1,"91":0,"92":0,"93":0,"94":0,"95":0,"96":0,"97":0,"98":0,"99":0,"100":0,"101":0,"102":0,"103":0,"104":0,"105":0,"106":1,"107":0,"108":0,"109":0,"110":0,"111":0,"112":0,"113":1,"114":0,"115":0,"116":0,"117":1,"118":0,"119":0,"120":0,"121":0,"122":0,"123":0,"124":0,"125":0,"126":0,"127":1,"128":0,"129":0,"130":0,"131":1,"132":0,"133":0,"134":0,"135":1,"136":0,"137":0,"138":1,"139":0,"140":0,"141":0,"142":0,"143":0,"144":1,"145":0,"146":0,"147":1,"148":0,"149":1,"150":0,"151":0,"152":0,"153":0,"154":0,"155":0,"156":0,"157":0,"158":0,"159":0,"160":1,"161":0,"162":0,"163":0,"164":0,"165":1,"166":0,"167":0,"168":0,"169":0,"170":0,"171":0,"172":0,"173":0,"174":0,"175":0,"176":0,"177":1,"178":0,"179":0,"180":0,"181":0,"182":0,"183":0,"184":0,"185":0,"186":0,"187":0,"188":0,"189":0,"190":1,"191":0,"192":0,"193":0,"194":0,"195":0,"196":0,"197":0,"198":0,"199":0,"200":0,"201":0,"202":1,"203":0,"204":0,"205":0,"206":0,"207":1,"208":0,"209":1,"210":0,"211":0,"212":0,"213":0,"214":0,"215":0,"216":0,"217":1,"218":0,"219":1,"220":0,"221":0,"222":0,"223":0,"224":0,"225":0,"226":0,"227":0,"228":0,"229":1,"230":0,"231":0,"232":0,"233":1,"234":0,"235":0,"236":0,"237":1,"238":0,"239":0,"240":1,"241":0,"242":1,"243":1,"244":1,"245":0,"246":0,"247":0,"248":0,"249":1,"250":0,"251":0,"252":0,"253":0,"254":0,"255":0,"256":0,"257":0,"258":0,"259":0,"260":0,"261":0,"262":0,"263":0,"264":0,"265":0,"266":0,"267":0,"268":0,"269":0,"270":0,"271":0,"272":0,"273":0,"274":1,"275":1,"276":1,"277":0,"278":0,"279":0,"280":0,"281":0,"282":0,"283":0,"284":0,"285":0,"286":0,"287":0,"288":0,"289":1,"290":1,"291":1,"292":0,"293":0,"294":0,"295":0,"296":0,"297":0,"298":0,"299":0,"300":0,"301":0,"302":1,"303":0,"304":0,"305":0,"306":0,"307":0,"308":0,"309":0,"310":1,"311":0,"312":0,"313":0,"314":1,"315":1},"b":{"1":[1,0],"2":[1,0],"3":[0,0],"4":[0,0],"5":[0,0],"6":[0,0],"7":[0,0],"8":[0,0],"9":[0,0],"10":[0,0],"11":[0,0],"12":[0,0],"13":[0,0],"14":[0,0],"15":[0,0],"16":[0,0,0,0],"17":[0,0],"18":[0,0],"19":[0,0],"20":[0,0],"21":[0,0],"22":[0,0],"23":[0,0],"24":[0,0],"25":[0,0],"26":[0,0],"27":[0,0],"28":[0,0],"29":[0,0],"30":[0,0],"31":[0,0],"32":[0,0,0],"33":[0,0],"34":[0,0],"35":[0,0],"36":[0,0],"37":[0,0],"38":[0,0],"39":[0,0],"40":[0,0],"41":[0,0],"42":[0,0],"43":[0,0],"44":[0,0,0],"45":[0,0]},"f":{"1":0,"2":0,"3":0,"4":0,"5":0,"6":0,"7":0,"8":0,"9":0,"10":0,"11":0,"12":0,"13":0,"14":0,"15":0,"16":0,"17":0,"18":0,"19":0,"20":0,"21":0,"22":0,"23":0,"24":0,"25":0,"26":0,"27":0,"28":0,"29":0,"30":0,"31":0,"32":0,"33":0,"34":0,"35":0,"36":0,"37":0,"38":0,"39":0,"40":0,"41":0,"42":0,"43":0,"44":0,"45":0,"46":0,"47":0,"48":0,"49":0,"50":0,"51":0,"52":0,"53":0},"fnMap":{"1":{"name":"Connection","line":40,"loc":{"start":{"line":40,"column":0},"end":{"line":40,"column":32}}},"2":{"name":"mainAccept","line":61,"loc":{"start":{"line":61,"column":0},"end":{"line":61,"column":27}}},"3":{"name":"channel0","line":76,"loc":{"start":{"line":76,"column":0},"end":{"line":76,"column":30}}},"4":{"name":"(anonymous_4)","line":77,"loc":{"start":{"line":77,"column":9},"end":{"line":77,"column":21}}},"5":{"name":"(anonymous_5)","line":117,"loc":{"start":{"line":117,"column":23},"end":{"line":117,"column":34}}},"6":{"name":"(anonymous_6)","line":144,"loc":{"start":{"line":144,"column":9},"end":{"line":144,"column":44}}},"7":{"name":"(anonymous_7)","line":146,"loc":{"start":{"line":146,"column":38},"end":{"line":146,"column":49}}},"8":{"name":"wait","line":151,"loc":{"start":{"line":151,"column":2},"end":{"line":151,"column":19}}},"9":{"name":"(anonymous_9)","line":152,"loc":{"start":{"line":152,"column":14},"end":{"line":152,"column":35}}},"10":{"name":"expect","line":163,"loc":{"start":{"line":163,"column":2},"end":{"line":163,"column":29}}},"11":{"name":"(anonymous_11)","line":164,"loc":{"start":{"line":164,"column":9},"end":{"line":164,"column":25}}},"12":{"name":"bail","line":174,"loc":{"start":{"line":174,"column":2},"end":{"line":174,"column":21}}},"13":{"name":"send","line":178,"loc":{"start":{"line":178,"column":2},"end":{"line":178,"column":24}}},"14":{"name":"negotiate","line":185,"loc":{"start":{"line":185,"column":2},"end":{"line":185,"column":38}}},"15":{"name":"onStart","line":200,"loc":{"start":{"line":200,"column":2},"end":{"line":200,"column":26}}},"16":{"name":"afterStartOk","line":211,"loc":{"start":{"line":211,"column":2},"end":{"line":211,"column":31}}},"17":{"name":"onOpenOk","line":242,"loc":{"start":{"line":242,"column":2},"end":{"line":242,"column":28}}},"18":{"name":"endWhileOpening","line":257,"loc":{"start":{"line":257,"column":2},"end":{"line":257,"column":32}}},"19":{"name":"succeed","line":265,"loc":{"start":{"line":265,"column":2},"end":{"line":265,"column":23}}},"20":{"name":"(anonymous_20)","line":323,"loc":{"start":{"line":323,"column":10},"end":{"line":323,"column":34}}},"21":{"name":"(anonymous_21)","line":324,"loc":{"start":{"line":324,"column":27},"end":{"line":324,"column":38}}},"22":{"name":"(anonymous_22)","line":331,"loc":{"start":{"line":331,"column":17},"end":{"line":331,"column":43}}},"23":{"name":"(anonymous_23)","line":341,"loc":{"start":{"line":341,"column":19},"end":{"line":341,"column":49}}},"24":{"name":"(anonymous_24)","line":346,"loc":{"start":{"line":346,"column":18},"end":{"line":346,"column":32}}},"25":{"name":"invalidOp","line":357,"loc":{"start":{"line":357,"column":0},"end":{"line":357,"column":31}}},"26":{"name":"(anonymous_26)","line":358,"loc":{"start":{"line":358,"column":9},"end":{"line":358,"column":20}}},"27":{"name":"invalidateSend","line":363,"loc":{"start":{"line":363,"column":0},"end":{"line":363,"column":42}}},"28":{"name":"(anonymous_28)","line":371,"loc":{"start":{"line":371,"column":14},"end":{"line":371,"column":41}}},"29":{"name":"(anonymous_29)","line":374,"loc":{"start":{"line":374,"column":16},"end":{"line":374,"column":28}}},"30":{"name":"(anonymous_30)","line":388,"loc":{"start":{"line":388,"column":19},"end":{"line":388,"column":43}}},"31":{"name":"(anonymous_31)","line":398,"loc":{"start":{"line":398,"column":13},"end":{"line":398,"column":47}}},"32":{"name":"(anonymous_32)","line":405,"loc":{"start":{"line":405,"column":15},"end":{"line":405,"column":28}}},"33":{"name":"(anonymous_33)","line":417,"loc":{"start":{"line":417,"column":21},"end":{"line":417,"column":32}}},"34":{"name":"(anonymous_34)","line":424,"loc":{"start":{"line":424,"column":21},"end":{"line":424,"column":32}}},"35":{"name":"(anonymous_35)","line":430,"loc":{"start":{"line":430,"column":18},"end":{"line":430,"column":29}}},"36":{"name":"(anonymous_36)","line":446,"loc":{"start":{"line":446,"column":17},"end":{"line":446,"column":44}}},"37":{"name":"(anonymous_37)","line":457,"loc":{"start":{"line":457,"column":26},"end":{"line":457,"column":37}}},"38":{"name":"(anonymous_38)","line":464,"loc":{"start":{"line":464,"column":19},"end":{"line":464,"column":37}}},"39":{"name":"(anonymous_39)","line":471,"loc":{"start":{"line":471,"column":15},"end":{"line":471,"column":26}}},"40":{"name":"go","line":474,"loc":{"start":{"line":474,"column":2},"end":{"line":474,"column":16}}},"41":{"name":"(anonymous_41)","line":486,"loc":{"start":{"line":486,"column":9},"end":{"line":486,"column":22}}},"42":{"name":"recv","line":488,"loc":{"start":{"line":488,"column":2},"end":{"line":488,"column":18}}},"43":{"name":"(anonymous_43)","line":503,"loc":{"start":{"line":503,"column":14},"end":{"line":503,"column":25}}},"44":{"name":"(anonymous_44)","line":509,"loc":{"start":{"line":509,"column":14},"end":{"line":509,"column":25}}},"45":{"name":"(anonymous_45)","line":515,"loc":{"start":{"line":515,"column":14},"end":{"line":515,"column":30}}},"46":{"name":"(anonymous_46)","line":520,"loc":{"start":{"line":520,"column":18},"end":{"line":520,"column":29}}},"47":{"name":"(anonymous_47)","line":527,"loc":{"start":{"line":527,"column":15},"end":{"line":527,"column":49}}},"48":{"name":"(anonymous_48)","line":534,"loc":{"start":{"line":534,"column":16},"end":{"line":537,"column":34}}},"49":{"name":"(anonymous_49)","line":579,"loc":{"start":{"line":579,"column":16},"end":{"line":579,"column":40}}},"50":{"name":"(anonymous_50)","line":601,"loc":{"start":{"line":601,"column":14},"end":{"line":601,"column":25}}},"51":{"name":"wrapStream","line":622,"loc":{"start":{"line":622,"column":0},"end":{"line":622,"column":23}}},"52":{"name":"(anonymous_52)","line":627,"loc":{"start":{"line":627,"column":16},"end":{"line":627,"column":52}}},"53":{"name":"isFatalError","line":634,"loc":{"start":{"line":634,"column":0},"end":{"line":634,"column":29}}}},"statementMap":{"1":{"start":{"line":7,"column":0},"end":{"line":7,"column":29}},"2":{"start":{"line":8,"column":0},"end":{"line":8,"column":31}},"3":{"start":{"line":9,"column":0},"end":{"line":9,"column":31}},"4":{"start":{"line":10,"column":0},"end":{"line":10,"column":32}},"5":{"start":{"line":11,"column":0},"end":{"line":11,"column":31}},"6":{"start":{"line":13,"column":0},"end":{"line":15,"column":36}},"7":{"start":{"line":16,"column":0},"end":{"line":16,"column":50}},"8":{"start":{"line":17,"column":0},"end":{"line":17,"column":41}},"9":{"start":{"line":19,"column":0},"end":{"line":19,"column":48}},"10":{"start":{"line":20,"column":0},"end":{"line":20,"column":48}},"11":{"start":{"line":21,"column":0},"end":{"line":21,"column":42}},"12":{"start":{"line":23,"column":0},"end":{"line":23,"column":40}},"13":{"start":{"line":24,"column":0},"end":{"line":24,"column":40}},"14":{"start":{"line":25,"column":0},"end":{"line":25,"column":33}},"15":{"start":{"line":26,"column":0},"end":{"line":27,"column":41}},"16":{"start":{"line":28,"column":0},"end":{"line":28,"column":69}},"17":{"start":{"line":29,"column":0},"end":{"line":29,"column":51}},"18":{"start":{"line":33,"column":0},"end":{"line":33,"column":29}},"19":{"start":{"line":38,"column":0},"end":{"line":38,"column":34}},"20":{"start":{"line":40,"column":0},"end":{"line":55,"column":1}},"21":{"start":{"line":41,"column":2},"end":{"line":41,"column":28}},"22":{"start":{"line":42,"column":2},"end":{"line":42,"column":52}},"23":{"start":{"line":43,"column":2},"end":{"line":43,"column":31}},"24":{"start":{"line":46,"column":2},"end":{"line":46,"column":28}},"25":{"start":{"line":47,"column":2},"end":{"line":47,"column":43}},"26":{"start":{"line":48,"column":2},"end":{"line":48,"column":34}},"27":{"start":{"line":49,"column":2},"end":{"line":49,"column":34}},"28":{"start":{"line":51,"column":2},"end":{"line":51,"column":33}},"29":{"start":{"line":52,"column":2},"end":{"line":52,"column":35}},"30":{"start":{"line":53,"column":2},"end":{"line":54,"column":41}},"31":{"start":{"line":56,"column":0},"end":{"line":56,"column":35}},"32":{"start":{"line":58,"column":0},"end":{"line":58,"column":29}},"33":{"start":{"line":61,"column":0},"end":{"line":71,"column":1}},"34":{"start":{"line":62,"column":2},"end":{"line":62,"column":41}},"35":{"start":{"line":63,"column":2},"end":{"line":70,"column":45}},"36":{"start":{"line":63,"column":13},"end":{"line":63,"column":46}},"37":{"start":{"line":66,"column":4},"end":{"line":70,"column":45}},"38":{"start":{"line":76,"column":0},"end":{"line":111,"column":1}},"39":{"start":{"line":77,"column":2},"end":{"line":110,"column":4}},"40":{"start":{"line":83,"column":4},"end":{"line":109,"column":5}},"41":{"start":{"line":85,"column":9},"
[...]
e":52,"column":54}},"10":{"start":{"line":53,"column":2},"end":{"line":53,"column":51}},"11":{"start":{"line":54,"column":2},"end":{"line":54,"column":58}},"12":{"start":{"line":55,"column":2},"end":{"line":56,"column":43}},"13":{"start":{"line":57,"column":2},"end":{"line":58,"column":45}},"14":{"start":{"line":59,"column":2},"end":{"line":59,"column":56}},"15":{"start":{"line":60,"column":2},"end":{"line":60,"column":60}},"16":{"start":{"line":62,"column":2},"end":{"line":72,"column":4}},"17":{"start":{"line":75,"column":0},"end":{"line":83,"column":2}},"18":{"start":{"line":76,"column":2},"end":{"line":82,"column":4}},"19":{"start":{"line":85,"column":0},"end":{"line":93,"column":2}},"20":{"start":{"line":86,"column":2},"end":{"line":86,"column":37}},"21":{"start":{"line":87,"column":2},"end":{"line":92,"column":4}},"22":{"start":{"line":95,"column":0},"end":{"line":100,"column":2}},"23":{"start":{"line":96,"column":2},"end":{"line":99,"column":4}},"24":{"start":{"line":102,"column":0},"end":{"line":110,"column":2}},"25":{"start":{"line":103,"column":2},"end":{"line":109,"column":4}},"26":{"start":{"line":112,"column":0},"end":{"line":120,"column":2}},"27":{"start":{"line":113,"column":2},"end":{"line":119,"column":4}},"28":{"start":{"line":122,"column":0},"end":{"line":137,"column":2}},"29":{"start":{"line":123,"column":2},"end":{"line":123,"column":37}},"30":{"start":{"line":124,"column":2},"end":{"line":124,"column":54}},"31":{"start":{"line":125,"column":2},"end":{"line":125,"column":70}},"32":{"start":{"line":126,"column":2},"end":{"line":136,"column":4}},"33":{"start":{"line":139,"column":0},"end":{"line":148,"column":2}},"34":{"start":{"line":140,"column":2},"end":{"line":147,"column":4}},"35":{"start":{"line":150,"column":0},"end":{"line":157,"column":2}},"36":{"start":{"line":151,"column":2},"end":{"line":151,"column":37}},"37":{"start":{"line":152,"column":2},"end":{"line":156,"column":4}},"38":{"start":{"line":159,"column":0},"end":{"line":167,"column":2}},"39":{"start":{"line":160,"column":2},"end":{"line":166,"column":4}},"40":{"start":{"line":169,"column":0},"end":{"line":177,"column":2}},"41":{"start":{"line":170,"column":2},"end":{"line":176,"column":4}},"42":{"start":{"line":184,"column":0},"end":{"line":244,"column":2}},"43":{"start":{"line":185,"column":2},"end":{"line":185,"column":37}},"44":{"start":{"line":191,"column":2},"end":{"line":199,"column":3}},"45":{"start":{"line":192,"column":4},"end":{"line":198,"column":29}},"46":{"start":{"line":193,"column":6},"end":{"line":193,"column":23}},"47":{"start":{"line":195,"column":9},"end":{"line":198,"column":29}},"48":{"start":{"line":196,"column":6},"end":{"line":196,"column":28}},"49":{"start":{"line":198,"column":9},"end":{"line":198,"column":29}},"50":{"start":{"line":201,"column":2},"end":{"line":201,"column":55}},"51":{"start":{"line":202,"column":2},"end":{"line":202,"column":53}},"52":{"start":{"line":203,"column":2},"end":{"line":203,"column":55}},"53":{"start":{"line":205,"column":2},"end":{"line":205,"column":19}},"54":{"start":{"line":211,"column":2},"end":{"line":216,"column":21}},"55":{"start":{"line":212,"column":4},"end":{"line":212,"column":48}},"56":{"start":{"line":213,"column":7},"end":{"line":216,"column":21}},"57":{"start":{"line":214,"column":4},"end":{"line":214,"column":40}},"58":{"start":{"line":215,"column":7},"end":{"line":216,"column":21}},"59":{"start":{"line":216,"column":4},"end":{"line":216,"column":21}},"60":{"start":{"line":218,"column":2},"end":{"line":218,"column":38}},"61":{"start":{"line":219,"column":2},"end":{"line":219,"column":67}},"62":{"start":{"line":219,"column":32},"end":{"line":219,"column":67}},"63":{"start":{"line":221,"column":2},"end":{"line":243,"column":4}},"64":{"start":{"line":246,"column":0},"end":{"line":260,"column":2}},"65":{"start":{"line":247,"column":2},"end":{"line":247,"column":37}},"66":{"start":{"line":248,"column":2},"end":{"line":248,"column":54}},"67":{"start":{"line":249,"column":2},"end":{"line":249,"column":53}},"68":{"start":{"line":250,"column":2},"end":{"line":259,"column":4}},"69":{"start":{"line":262,"column":0},"end":{"line":267,"column":2}},"70":{"start":{"line":263,"column":2},"end":{"line":266,"column":4}},"71":{"start":{"line":269,"column":0},"end":{"line":276,"column":2}},"72":{"start":{"line":270,"column":2},"end":{"line":270,"column":37}},"73":{"start":{"line":271,"column":2},"end":{"line":275,"column":4}},"74":{"start":{"line":278,"column":0},"end":{"line":283,"column":2}},"75":{"start":{"line":279,"column":2},"end":{"line":282,"column":4}},"76":{"start":{"line":285,"column":0},"end":{"line":291,"column":2}},"77":{"start":{"line":286,"column":2},"end":{"line":290,"column":4}},"78":{"start":{"line":293,"column":0},"end":{"line":298,"column":2}},"79":{"start":{"line":294,"column":2},"end":{"line":297,"column":4}},"80":{"start":{"line":300,"column":0},"end":{"line":306,"column":2}},"81":{"start":{"line":301,"column":2},"end":{"line":305,"column":4}},"82":{"start":{"line":308,"column":0},"end":{"line":310,"column":2}},"83":{"start":{"line":309,"column":2},"end":{"line":309,"column":25}},"84":{"start":{"line":312,"column":0},"end":{"line":312,"column":37}}},"branchMap":{"1":{"line":41,"type":"if","locations":[{"start":{"line":41,"column":2},"end":{"line":41,"column":2}},{"start":{"line":41,"column":2},"end":{"line":41,"column":2}}]},"2":{"line":49,"type":"binary-expr","locations":[{"start":{"line":49,"column":10},"end":{"line":49,"column":15}},{"start":{"line":49,"column":19},"end":{"line":49,"column":21}}]},"3":{"line":50,"type":"binary-expr","locations":[{"start":{"line":50,"column":12},"end":{"line":50,"column":19}},{"start":{"line":50,"column":23},"end":{"line":50,"column":36}}]},"4":{"line":52,"type":"binary-expr","locations":[{"start":{"line":52,"column":27},"end":{"line":52,"column":44}},{"start":{"line":52,"column":48},"end":{"line":52,"column":52}}]},"5":{"line":65,"type":"cond-expr","locations":[{"start":{"line":65,"column":47},"end":{"line":65,"column":51}},{"start":{"line":65,"column":54},"end":{"line":65,"column":69}}]},"6":{"line":86,"type":"binary-expr","locations":[{"start":{"line":86,"column":12},"end":{"line":86,"column":19}},{"start":{"line":86,"column":23},"end":{"line":86,"column":36}}]},"7":{"line":123,"type":"binary-expr","locations":[{"start":{"line":123,"column":12},"end":{"line":123,"column":19}},{"start":{"line":123,"column":23},"end":{"line":123,"column":36}}]},"8":{"line":124,"type":"binary-expr","locations":[{"start":{"line":124,"column":27},"end":{"line":124,"column":44}},{"start":{"line":124,"column":48},"end":{"line":124,"column":52}}]},"9":{"line":131,"type":"cond-expr","locations":[{"start":{"line":131,"column":47},"end":{"line":131,"column":51}},{"start":{"line":131,"column":54},"end":{"line":131,"column":69}}]},"10":{"line":151,"type":"binary-expr","locations":[{"start":{"line":151,"column":12},"end":{"line":151,"column":19}},{"start":{"line":151,"column":23},"end":{"line":151,"column":36}}]},"11":{"line":185,"type":"binary-expr","locations":[{"start":{"line":185,"column":12},"end":{"line":185,"column":19}},{"start":{"line":185,"column":23},"end":{"line":185,"column":36}}]},"12":{"line":192,"type":"if","locations":[{"start":{"line":192,"column":4},"end":{"line":192,"column":4}},{"start":{"line":192,"column":4},"end":{"line":192,"column":4}}]},"13":{"line":195,"type":"if","locations":[{"start":{"line":195,"column":9},"end":{"line":195,"column":9}},{"start":{"line":195,"column":9},"end":{"line":195,"column":9}}]},"14":{"line":201,"type":"binary-expr","locations":[{"start":{"line":201,"column":30},"end":{"line":201,"column":45}},{"start":{"line":201,"column":49},"end":{"line":201,"column":53}}]},"15":{"line":211,"type":"if","locations":[{"start":{"line":211,"column":2},"end":{"line":211,"column":2}},{"start":{"line":211,"column":2},"end":{"line":211,"column":2}}]},"16":{"line":212,"type":"cond-expr","locations":[{"start":{"line":212,"column":42},"end":{"line":212,"column":43}},{"start":{"line":212,"column":46},"end":{"line":212,"column":47}}]},"17":{"line":213,"type":"if","locations":[{"start":{"line":213,"column":7},"end":{"line":213,"column":7}},{"start":{"line":213,"column":7},"end":{"line":213,"column":7}}]},"18":{"line":215,"type":"if","locations":[{"start":{"line":215,"column":7},"end":{"line":215,"column":7}},{"start":{"line":215,"column":7},"end":{"line":215,"column":7}}]},"19":{"line":219,"type":"if","locations":[{"start":{"line":219,"column":2},"end":{"line":219,"column":2}},{"start":{"line":219,"column":2},"end":{"line":219,"column":2}}]},"20":{"line":247,"type":"binary-expr","locations":[{"start":{"line":247,"column":12},"end":{"line":247,"column":19}},{"start":{"line":247,"column":23},"end":{"line":247,"column":36}}]},"21":{"line":248,"type":"binary-expr","locations":[{"start":{"line":248,"column":27},"end":{"line":248,"column":44}},{"start":{"line":248,"column":48},"end":{"line":248,"column":52}}]},"22":{"line":253,"type":"binary-expr","locations":[{"start":{"line":253,"column":17},"end":{"line":253,"column":36}},{"start":{"line":253,"column":40},"end":{"line":253,"column":42}}]},"23":{"line":270,"type":"binary-expr","locations":[{"start":{"line":270,"column":12},"end":{"line":270,"column":19}},{"start":{"line":270,"column":23},"end":{"line":270,"column":36}}]},"24":{"line":289,"type":"cond-expr","locations":[{"start":{"line":289,"column":39},"end":{"line":289,"column":43}},{"start":{"line":289,"column":46},"end":{"line":289,"column":53}}]},"25":{"line":296,"type":"cond-expr","locations":[{"start":{"line":296,"column":39},"end":{"line":296,"column":43}},{"start":{"line":296,"column":46},"end":{"line":296,"column":53}}]},"26":{"line":302,"type":"binary-expr","locations":[{"start":{"line":302,"column":19},"end":{"line":302,"column":24}},{"start":{"line":302,"column":28},"end":{"line":302,"column":29}}]}},"code":["//","//","//","","'use strict';","","/*","The channel (promise) and callback APIs have similar signatures, and","in particular, both need AMQP fields prepared from the same arguments","and options. The arguments marshalling is done here. Each of the","procedures below takes arguments and options (the latter in an object)","particular to the operation it represents, and returns an object with","fields for handing to the encoder.","*/","","// A number of AMQP methods have a table-typed field called","// `arguments`, that is intended to carry extension-specific","// values. RabbitMQ uses this in a number of places; e.g., to specify","// an 'alternate exchange'.","//","// Many of the methods in this API have an `options` argument, from","// which I take both values that have a default in AMQP (e.g.,","// autoDelete in QueueDeclare) *and* values that are specific to","// RabbitMQ (e.g., 'alternate-exchange'), which would normally be","// supplied in `arguments`. So that extensions I don't support yet can","// be used, I include `arguments` itself among the options.","//","// The upshot of this is that I often need to prepare an `arguments`","// value that has any values passed in `options.arguments` as well as","// any I've promoted to being options themselves. Since I don't want","// to mutate anything passed in, the general pattern is to create a","// fresh object with the `arguments` value given as its prototype; all","// fields in the supplied value will be serialised, as well as any I","// set on the fresh object. What I don't want to do, however, is set a","// field to undefined by copying possibly missing field values,","// because that will mask a value in the prototype.","//","// NB the `arguments` field already has a default value of `{}`, so","// there's no need to explicitly default it unless I'm setting values.","function setIfDefined(obj, prop, value) {","  if (value != undefined) obj[prop] = value;","}","","var EMPTY_OPTIONS = Object.freeze({});","","var Args = {};","","Args.assertQueue = function(queue, options) {","  queue = queue || '';","  options = options || EMPTY_OPTIONS;","","  var argt = Object.create(options.arguments || null);","  setIfDefined(argt, 'x-expires', options.expires);","  setIfDefined(argt, 'x-message-ttl', options.messageTtl);","  setIfDefined(argt, 'x-dead-letter-exchange',","               options.deadLetterExchange);","  setIfDefined(argt, 'x-dead-letter-routing-key',","               options.deadLetterRoutingKey);","  setIfDefined(argt, 'x-max-length', options.maxLength);","  setIfDefined(argt, 'x-max-priority', options.maxPriority);","","  return {","    queue: queue,","    exclusive: !!options.exclusive,","    durable: (options.durable === undefined) ? true : options.durable,","    autoDelete: !!options.autoDelete,","    arguments: argt,","    passive: false,","    // deprecated but we have to include it","    ticket: 0,","    nowait: false","  };","};","","Args.checkQueue = function(queue) {","  return {","    queue: queue,","    passive: true, // switch to \"completely different\" mode","    nowait: false,","    durable: true, autoDelete: false, exclusive: false, // ignored","    ticket: 0,","  };","};","","Args.deleteQueue = function(queue, options) {","  options = options || EMPTY_OPTIONS;","  return {","    queue: queue,","    ifUnused: !!options.ifUnused,","    ifEmpty: !!options.ifEmpty,","    ticket: 0, nowait: false","  };","};","","Args.purgeQueue = function(queue) {","  return {","    queue: queue,","    ticket: 0, nowait: false","  };","};","","Args.bindQueue = function(queue, source, pattern, argt) {","  return {","    queue: queue,","    exchange: source,","    routingKey: pattern,","    arguments: argt,","    ticket: 0, nowait: false","  };","};","","Args.unbindQueue = function(queue, source, pattern, argt) {","  return {","    queue: queue,","    exchange: source,","    routingKey: pattern,","    arguments: argt,","    ticket: 0, nowait: false","  };","};","","Args.assertExchange = function(exchange, type, options) {","  options = options || EMPTY_OPTIONS;","  var argt = Object.create(options.arguments || null);","  setIfDefined(argt, 'alternate-exchange', options.alternateExchange);","  return {","    exchange: exchange,","    ticket: 0,","    type: type,","    passive: false,","    durable: (options.durable === undefined) ? true : options.durable,","    autoDelete: !!options.autoDelete,","    internal: !!options.internal,","    nowait: false,","    arguments: argt","  };","};","","Args.checkExchange = function(exchange) {","  return {","    exchange: exchange,","    passive: true, // switch to 'may as well be another method' mode","    nowait: false,","    // ff are ignored","    durable: true, internal: false,  type: '',  autoDelete: false,","    ticket: 0","  };","};","","Args.deleteExchange = function(exchange, options) {","  options = options || EMPTY_OPTIONS;","  return {","    exchange: exchange,","    ifUnused: !!options.ifUnused,","    ticket: 0, nowait: false","  };","};","","Args.bindExchange = function(dest, source, pattern, argt) {","  return {","    source: source,","    destination: dest,","    routingKey: pattern,","    arguments: argt,","    ticket: 0, nowait: false","  };","};","","Args.unbindExchange = function(dest, source, pattern, argt) {","  return {","    source: source,","    destination: dest,","    routingKey: pattern,","    arguments: argt,","    ticket: 0, nowait: false","  };","};","","// It's convenient to construct the properties and the method fields","// at the same time, since in the APIs, values for both can appear in","// `options`. Since the property or mthod field names don't overlap, I","// just return one big object that can be used for both purposes, and","// the encoder will pick out what it wants.","Args.publish = function(exchange, routingKey, options) {","  options = options || EMPTY_OPTIONS;","","  // The CC and BCC fields expect an array of \"longstr\", which would","  // normally be buffer values in JavaScript; however, since a field","  // array (or table) cannot have shortstr values, the codec will","  // encode all strings as longstrs anyway.","  function convertCC(cc) {","    if (cc === undefined) {","      return undefined;","    }","    else if (Array.isArray(cc)) {","      return cc.map(String);","    }","    else return [String(cc)];","  }","","  var headers = Object.create(options.headers || null);","  setIfDefined(headers, 'CC', convertCC(options.CC));","  setIfDefined(headers, 'BCC', convertCC(options.BCC));","","  var deliveryMode; // undefined will default to 1 (non-persistent)","","  // Previously I overloaded deliveryMode be a boolean meaning","  // 'persistent or not'; better is to name this option for what it","  // is, but I need to have backwards compatibility for applications","  // that either supply a numeric or boolean value.","  if (options.persistent !== undefined)","    deliveryMode = (options.persistent) ? 2 : 1;","  else if (typeof options.deliveryMode === 'number')","    deliveryMode = options.deliveryMode;","  else if (options.deliveryMode) // is supplied and truthy","    deliveryMode = 2;","","  var expiration = options.expiration;","  if (expiration !== undefined) expiration = expiration.toString();","","  return {","    // method fields","    exchange: exchange,","    routingKey: routingKey,","    mandatory: !!options.mandatory,","    immediate: false, // RabbitMQ doesn't implement this any more","    ticket: undefined,","    // properties","    contentType: options.contentType,","    contentEncoding: options.contentEncoding,","    headers: headers,","    deliveryMode: deliveryMode,","    priority: options.priority,","    correlationId: options.correlationId,","    replyTo: options.replyTo,","    expiration: expiration,","    messageId: options.messageId,","    timestamp: options.timestamp,","    type: options.type,","    userId: options.userId,","    appId: options.appId,","    clusterId: undefined","  };","};","","Args.consume = function(queue, options) {","  options = options || EMPTY_OPTIONS;","  var argt = Object.create(options.arguments || null);","  setIfDefined(argt, 'x-priority', options.priority);","  return {","    ticket: 0,","    queue: queue,","    consumerTag: options.consumerTag || '',","    noLocal: !!options.noLocal,","    noAck: !!options.noAck,","    exclusive: !!options.exclusive,","    nowait: false,","    arguments: argt","  };","};","","Args.cancel = function(consumerTag) {","  return {","    consumerTag: consumerTag,","    nowait: false","  };","};","","Args.get = function(queue, options) {","  options = options || EMPTY_OPTIONS;","  return {","    ticket: 0,","    queue: queue,","    noAck: !!options.noAck","  };","};","","Args.ack = function(tag, allUpTo) {","  return {","    deliveryTag: tag,","    multiple: !!allUpTo","  };","};","","Args.nack = function(tag, allUpTo, requeue) {","  return {","    deliveryTag: tag,","    multiple: !!allUpTo,","    requeue: (requeue === undefined) ? true : requeue","  };","};","","Args.reject = function(tag, requeue) {","  return {","    deliveryTag: tag,","    requeue: (requeue === undefined) ? true : requeue","  };","};","","Args.prefetch = function(count, global) {","  return {","    prefetchCount: count || 0,","    prefetchSize: 0,","    global: !!global","  };","};","","Args.recover = function() {","  return {requeue: true};","};","","module.exports = Object.freeze(Args);",""],"l":{"40":1,"41":0,"44":1,"46":1,"48":1,"49":0,"50":0,"52":0,"53":0,"54":0,"55":0,"57":0,"59":0,"60":0,"62":0,"75":1,"76":0,"85":1,"86":0,"87":0,"95":1,"96":0,"102":1,"103":0,"112":1,"113":0,"122":1,"123":0,"124":0,"125":0,"126":0,"139":1,"140":0,"150":1,"151":0,"152":0,"159":1,"160":0,"169":1,"170":0,"184":1,"185":0,"191":1,"192":0,"193":0,"195":0,"196":0,"198":0,"201":0,"202":0,"203":0,"205":0,"211":0,"212":0,"213":0,"214":0,"215":0,"216":0,"218":0,"219":0,"221":0,"246":1,"247":0,"248":0,"249":0,"250":0,"262":1,"263":0,"269":1,"270":0,"271":0,"278":1,"279":0,"285":1,"286":0,"293":1,"294":0,"300":1,"301":0,"308":1,"309":0,"312":1}}}